This is pdfTeX, Version 3.14159265-2.6-1.40.21 (MiKTeX 2.9.7400 64-bit) (preloaded format=pdflatex 2020.8.22)  10 JAN 2022 08:47
entering extended mode
**"c:/Users/User/Desktop/UniPD/V anno/Laboratory 2/wasp-44/shared/report/Report.tex"
("c:/Users/User/Desktop/UniPD/V anno/Laboratory 2/wasp-44/shared/report/Report.tex"
LaTeX2e <2020-02-02> patch level 5
L3 programming layer <2020-04-06> ("C:\Users\User\AppData\Local\Programs\MiKTeX 2.9\tex/latex/base\article.cls"
Document Class: article 2019/12/20 v1.4l Standard LaTeX document class
("C:\Users\User\AppData\Local\Programs\MiKTeX 2.9\tex/latex/base\size11.clo"
File: size11.clo 2019/12/20 v1.4l Standard LaTeX file (size option)
)
\c@part=\count167
\c@section=\count168
\c@subsection=\count169
\c@subsubsection=\count170
\c@paragraph=\count171
\c@subparagraph=\count172
\c@figure=\count173
\c@table=\count174
\abovecaptionskip=\skip47
\belowcaptionskip=\skip48
\bibindent=\dimen134
) ("C:\Users\User\AppData\Local\Programs\MiKTeX 2.9\tex/latex/base\inputenc.sty"
Package: inputenc 2018/08/11 v1.3c Input encoding file
\inpenc@prehook=\toks15
\inpenc@posthook=\toks16
) ("C:\Users\User\AppData\Local\Programs\MiKTeX 2.9\tex/latex/comment\comment.sty"
\CommentStream=\write3
 Excluding comment 'comment') ("C:\Users\User\AppData\Local\Programs\MiKTeX 2.9\tex/latex/float\float.sty"
Package: float 2001/11/08 v1.3d Float enhancements (AL)
\c@float@type=\count175
\float@exts=\toks17
\float@box=\box45
\@float@everytoks=\toks18
\@floatcapt=\box46
) ("C:\Users\User\AppData\Local\Programs\MiKTeX 2.9\tex/latex/graphics\graphicx.sty"
Package: graphicx 2019/11/30 v1.2a Enhanced LaTeX Graphics (DPC,SPQR)
 ("C:\Users\User\AppData\Local\Programs\MiKTeX 2.9\tex/latex/graphics\keyval.sty"
Package: keyval 2014/10/28 v1.15 key=value parser (DPC)
\KV@toks@=\toks19
) ("C:\Users\User\AppData\Local\Programs\MiKTeX 2.9\tex/latex/graphics\graphics.sty"
Package: graphics 2019/11/30 v1.4a Standard LaTeX Graphics (DPC,SPQR)
 ("C:\Users\User\AppData\Local\Programs\MiKTeX 2.9\tex/latex/graphics\trig.sty"
Package: trig 2016/01/03 v1.10 sin cos tan (DPC)
) ("C:\Users\User\AppData\Local\Programs\MiKTeX 2.9\tex/latex/graphics-cfg\graphics.cfg"
File: graphics.cfg 2016/06/04 v1.11 sample graphics configuration
)
Package graphics Info: Driver file: pdftex.def on input line 105.
 ("C:\Users\User\AppData\Local\Programs\MiKTeX 2.9\tex/latex/graphics-def\pdftex.def"
File: pdftex.def 2018/01/08 v1.0l Graphics/color driver for pdftex
))
\Gin@req@height=\dimen135
\Gin@req@width=\dimen136
) ("C:\Users\User\AppData\Local\Programs\MiKTeX 2.9\tex/latex/caption\caption.sty"
Package: caption 2020/01/03 v3.4h Customizing captions (AR)
 ("C:\Users\User\AppData\Local\Programs\MiKTeX 2.9\tex/latex/caption\caption3.sty"
Package: caption3 2020/01/03 v1.8h caption3 kernel (AR)
Package caption3 Info: TeX engine: e-TeX on input line 61.
\captionmargin=\dimen137
\captionmargin@=\dimen138
\captionwidth=\dimen139
\caption@tempdima=\dimen140
\caption@indent=\dimen141
\caption@parindent=\dimen142
\caption@hangindent=\dimen143
Package caption Info: Standard document class detected.
)
\c@caption@flags=\count176
\c@continuedfloat=\count177
Package caption Info: float package is loaded.
) ("C:\Users\User\AppData\Local\Programs\MiKTeX 2.9\tex/latex/multirow\multirow.sty"
Package: multirow 2019/05/31 v2.5 Span multiple rows of a table
\multirow@colwidth=\skip49
\multirow@cntb=\count178
\multirow@dima=\skip50
\bigstrutjot=\dimen144
) ("C:\Users\User\AppData\Local\Programs\MiKTeX 2.9\tex/latex/hyphenat\hyphenat.sty"
Package: hyphenat 2009/09/02 v2.3c hyphenation utilities
\langwohyphens=\language82
LaTeX Info: Redefining \_ on input line 43.
) ("C:\Users\User\AppData\Local\Programs\MiKTeX 2.9\tex/latex/sectsty\sectsty.sty"
Package: sectsty 2002/02/25 v2.0.2 Commands to change all sectional heading styles


LaTeX Warning: Command \underbar  has changed.
               Check if current package is valid.


LaTeX Warning: Command \underline  has changed.
               Check if current package is valid.

) ("C:\Users\User\AppData\Local\Programs\MiKTeX 2.9\tex/latex/hyperref\hyperref.sty"
Package: hyperref 2020/01/14 v7.00d Hypertext links for LaTeX
 ("C:\Users\User\AppData\Local\Programs\MiKTeX 2.9\tex/generic/ltxcmds\ltxcmds.sty"
Package: ltxcmds 2019/12/15 v1.24 LaTeX kernel commands for general use (HO)
) ("C:\Users\User\AppData\Local\Programs\MiKTeX 2.9\tex/generic/iftex\iftex.sty"
Package: iftex 2020/03/06 v1.0d TeX engine tests
) ("C:\Users\User\AppData\Local\Programs\MiKTeX 2.9\tex/latex/pdftexcmds\pdftexcmds.sty"
Package: pdftexcmds 2019/11/24 v0.31 Utility functions of pdfTeX for LuaTeX (HO)
 ("C:\Users\User\AppData\Local\Programs\MiKTeX 2.9\tex/generic/infwarerr\infwarerr.sty"
Package: infwarerr 2019/12/03 v1.5 Providing info/warning/error messages (HO)
)
Package pdftexcmds Info: \pdf@primitive is available.
Package pdftexcmds Info: \pdf@ifprimitive is available.
Package pdftexcmds Info: \pdfdraftmode found.
) ("C:\Users\User\AppData\Local\Programs\MiKTeX 2.9\tex/generic/kvsetkeys\kvsetkeys.sty"
Package: kvsetkeys 2019/12/15 v1.18 Key value parser (HO)
) ("C:\Users\User\AppData\Local\Programs\MiKTeX 2.9\tex/generic/kvdefinekeys\kvdefinekeys.sty"
Package: kvdefinekeys 2019-12-19 v1.6 Define keys (HO)
) ("C:\Users\User\AppData\Local\Programs\MiKTeX 2.9\tex/generic/pdfescape\pdfescape.sty"
Package: pdfescape 2019/12/09 v1.15 Implements pdfTeX's escape features (HO)
) ("C:\Users\User\AppData\Local\Programs\MiKTeX 2.9\tex/latex/hycolor\hycolor.sty"
Package: hycolor 2020-01-27 v1.10 Color options for hyperref/bookmark (HO)
) ("C:\Users\User\AppData\Local\Programs\MiKTeX 2.9\tex/latex/letltxmacro\letltxmacro.sty"
Package: letltxmacro 2019/12/03 v1.6 Let assignment for LaTeX macros (HO)
) ("C:\Users\User\AppData\Local\Programs\MiKTeX 2.9\tex/latex/auxhook\auxhook.sty"
Package: auxhook 2019-12-17 v1.6 Hooks for auxiliary files (HO)
) ("C:\Users\User\AppData\Local\Programs\MiKTeX 2.9\tex/latex/kvoptions\kvoptions.sty"
Package: kvoptions 2019/11/29 v3.13 Key value format for package options (HO)
)
\@linkdim=\dimen145
\Hy@linkcounter=\count179
\Hy@pagecounter=\count180
 ("C:\Users\User\AppData\Local\Programs\MiKTeX 2.9\tex/latex/hyperref\pd1enc.def"
File: pd1enc.def 2020/01/14 v7.00d Hyperref: PDFDocEncoding definition (HO)
Now handling font encoding PD1 ...
... no UTF-8 mapping file for font encoding PD1
) ("C:\Users\User\AppData\Local\Programs\MiKTeX 2.9\tex/generic/intcalc\intcalc.sty"
Package: intcalc 2019/12/15 v1.3 Expandable calculations with integers (HO)
) ("C:\Users\User\AppData\Local\Programs\MiKTeX 2.9\tex/generic/etexcmds\etexcmds.sty"
Package: etexcmds 2019/12/15 v1.7 Avoid name clashes with e-TeX commands (HO)
)
\Hy@SavedSpaceFactor=\count181
Package hyperref Info: Hyper figures OFF on input line 4547.
Package hyperref Info: Link nesting OFF on input line 4552.
Package hyperref Info: Hyper index ON on input line 4555.
Package hyperref Info: Plain pages OFF on input line 4562.
Package hyperref Info: Backreferencing OFF on input line 4567.
Package hyperref Info: Implicit mode ON; LaTeX internals redefined.
Package hyperref Info: Bookmarks ON on input line 4800.
\c@Hy@tempcnt=\count182
 ("C:\Users\User\AppData\Local\Programs\MiKTeX 2.9\tex/latex/url\url.sty"
\Urlmuskip=\muskip16
Package: url 2013/09/16  ver 3.4  Verb mode for urls, etc.
)
LaTeX Info: Redefining \url on input line 5159.
\XeTeXLinkMargin=\dimen146
 ("C:\Users\User\AppData\Local\Programs\MiKTeX 2.9\tex/generic/bitset\bitset.sty"
Package: bitset 2019/12/09 v1.3 Handle bit-vector datatype (HO)
 ("C:\Users\User\AppData\Local\Programs\MiKTeX 2.9\tex/generic/bigintcalc\bigintcalc.sty"
Package: bigintcalc 2019/12/15 v1.5 Expandable calculations on big integers (HO)
))
\Fld@menulength=\count183
\Field@Width=\dimen147
\Fld@charsize=\dimen148
Package hyperref Info: Hyper figures OFF on input line 6430.
Package hyperref Info: Link nesting OFF on input line 6435.
Package hyperref Info: Hyper index ON on input line 6438.
Package hyperref Info: backreferencing OFF on input line 6445.
Package hyperref Info: Link coloring OFF on input line 6450.
Package hyperref Info: Link coloring with OCG OFF on input line 6455.
Package hyperref Info: PDF/A mode OFF on input line 6460.
LaTeX Info: Redefining \ref on input line 6500.
LaTeX Info: Redefining \pageref on input line 6504.
 ("C:\Users\User\AppData\Local\Programs\MiKTeX 2.9\tex/generic/atbegshi\atbegshi.sty"
Package: atbegshi 2019/12/05 v1.19 At begin shipout hook (HO)
)
\Hy@abspage=\count184
\c@Item=\count185
\c@Hfootnote=\count186
)
Package hyperref Info: Driver (autodetected): hpdftex.
 ("C:\Users\User\AppData\Local\Programs\MiKTeX 2.9\tex/latex/hyperref\hpdftex.def"
File: hpdftex.def 2020/01/14 v7.00d Hyperref driver for pdfTeX
 ("C:\Users\User\AppData\Local\Programs\MiKTeX 2.9\tex/latex/atveryend\atveryend.sty"
Package: atveryend 2019-12-11 v1.11 Hooks at the very end of document (HO)
Package atveryend Info: \enddocument detected (standard20110627).
)
\Fld@listcount=\count187
\c@bookmark@seq@number=\count188
 ("C:\Users\User\AppData\Local\Programs\MiKTeX 2.9\tex/latex/rerunfilecheck\rerunfilecheck.sty"
Package: rerunfilecheck 2019/12/05 v1.9 Rerun checks for auxiliary files (HO)
 ("C:\Users\User\AppData\Local\Programs\MiKTeX 2.9\tex/generic/uniquecounter\uniquecounter.sty"
Package: uniquecounter 2019/12/15 v1.4 Provide unlimited unique counter (HO)
)
Package uniquecounter Info: New unique counter `rerunfilecheck' on input line 286.
)
\Hy@SectionHShift=\skip51
) ("C:\Users\User\AppData\Local\Programs\MiKTeX 2.9\tex/latex/listings\listings.sty"
\lst@mode=\count189
\lst@gtempboxa=\box47
\lst@token=\toks20
\lst@length=\count190
\lst@currlwidth=\dimen149
\lst@column=\count191
\lst@pos=\count192
\lst@lostspace=\dimen150
\lst@width=\dimen151
\lst@newlines=\count193
\lst@lineno=\count194
\lst@maxwidth=\dimen152
 ("C:\Users\User\AppData\Local\Programs\MiKTeX 2.9\tex/latex/listings\lstmisc.sty"
File: lstmisc.sty 2020/03/24 1.8d (Carsten Heinz)
\c@lstnumber=\count195
\lst@skipnumbers=\count196
\lst@framebox=\box48
) ("C:\Users\User\AppData\Local\Programs\MiKTeX 2.9\tex/latex/listings\listings.cfg"
File: listings.cfg 2020/03/24 1.8d listings configuration
))
Package: listings 2020/03/24 1.8d (Carsten Heinz)
 ("C:\Users\User\AppData\Local\Programs\MiKTeX 2.9\tex/latex/graphics\color.sty"
Package: color 2019/11/23 v1.2a Standard LaTeX Color (DPC)
 ("C:\Users\User\AppData\Local\Programs\MiKTeX 2.9\tex/latex/graphics-cfg\color.cfg"
File: color.cfg 2016/01/02 v1.6 sample color configuration
)
Package color Info: Driver file: pdftex.def on input line 147.
) ("C:\Users\User\AppData\Local\Programs\MiKTeX 2.9\tex/latex/listings\lstlang1.sty"
File: lstlang1.sty 2020/03/24 1.8d listings language file
) ("C:\Users\User\AppData\Local\Programs\MiKTeX 2.9\tex/latex/biblatex\biblatex.sty"
Package: biblatex 2019/12/01 v3.14 programmable bibliographies (PK/MW)
 ("C:\Users\User\AppData\Local\Programs\MiKTeX 2.9\tex/latex/etoolbox\etoolbox.sty"
Package: etoolbox 2019/09/21 v2.5h e-TeX tools for LaTeX (JAW)
\etb@tempcnta=\count197
) ("C:\Users\User\AppData\Local\Programs\MiKTeX 2.9\tex/latex/logreq\logreq.sty"
Package: logreq 2010/08/04 v1.0 xml request logger
\lrq@indent=\count198
 ("C:\Users\User\AppData\Local\Programs\MiKTeX 2.9\tex/latex/logreq\logreq.def"
File: logreq.def 2010/08/04 v1.0 logreq spec v1.0
)) ("C:\Users\User\AppData\Local\Programs\MiKTeX 2.9\tex/latex/base\ifthen.sty"
Package: ifthen 2014/09/29 v1.1c Standard LaTeX ifthen package (DPC)
)
\c@tabx@nest=\count199
\c@listtotal=\count266
\c@listcount=\count267
\c@liststart=\count268
\c@liststop=\count269
\c@citecount=\count270
\c@citetotal=\count271
\c@multicitecount=\count272
\c@multicitetotal=\count273
\c@instcount=\count274
\c@maxnames=\count275
\c@minnames=\count276
\c@maxitems=\count277
\c@minitems=\count278
\c@citecounter=\count279
\c@maxcitecounter=\count280
\c@savedcitecounter=\count281
\c@uniquelist=\count282
\c@uniquename=\count283
\c@refsection=\count284
\c@refsegment=\count285
\c@maxextratitle=\count286
\c@maxextratitleyear=\count287
\c@maxextraname=\count288
\c@maxextradate=\count289
\c@maxextraalpha=\count290
\c@abbrvpenalty=\count291
\c@highnamepenalty=\count292
\c@lownamepenalty=\count293
\c@maxparens=\count294
\c@parenlevel=\count295
\blx@tempcnta=\count296
\blx@tempcntb=\count297
\blx@tempcntc=\count298
\blx@maxsection=\count299
\blx@maxsegment@0=\count300
\blx@notetype=\count301
\blx@parenlevel@text=\count302
\blx@parenlevel@foot=\count303
\blx@sectionciteorder@0=\count304
\blx@entrysetcounter=\count305
\labelnumberwidth=\skip52
\labelalphawidth=\skip53
\biblabelsep=\skip54
\bibitemsep=\skip55
\bibnamesep=\skip56
\bibinitsep=\skip57
\bibparsep=\skip58
\bibhang=\skip59
\blx@bcfin=\read2
\blx@bcfout=\write4
\blx@langwohyphens=\language83
\c@mincomprange=\count306
\c@maxcomprange=\count307
\c@mincompwidth=\count308
Package biblatex Info: Trying to load biblatex default data model...
Package biblatex Info: ... file 'blx-dm.def' found.
 ("C:\Users\User\AppData\Local\Programs\MiKTeX 2.9\tex/latex/biblatex\blx-dm.def"
File: blx-dm.def 2019/12/01 v3.14 biblatex localization (PK/MW)
)
Package biblatex Info: Trying to load biblatex style data model...
Package biblatex Info: ... file 'authoryear-icomp.dbx' not found.
Package biblatex Info: Trying to load biblatex custom data model...
Package biblatex Info: ... file 'biblatex-dm.cfg' not found.
\c@afterword=\count309
\c@savedafterword=\count310
\c@annotator=\count311
\c@savedannotator=\count312
\c@author=\count313
\c@savedauthor=\count314
\c@bookauthor=\count315
\c@savedbookauthor=\count316
\c@commentator=\count317
\c@savedcommentator=\count318
\c@editor=\count319
\c@savededitor=\count320
\c@editora=\count321
\c@savededitora=\count322
\c@editorb=\count323
\c@savededitorb=\count324
\c@editorc=\count325
\c@savededitorc=\count326
\c@foreword=\count327
\c@savedforeword=\count328
\c@holder=\count329
\c@savedholder=\count330
\c@introduction=\count331
\c@savedintroduction=\count332
\c@namea=\count333
\c@savednamea=\count334
\c@nameb=\count335
\c@savednameb=\count336
\c@namec=\count337
\c@savednamec=\count338
\c@translator=\count339
\c@savedtranslator=\count340
\c@shortauthor=\count341
\c@savedshortauthor=\count342
\c@shorteditor=\count343
\c@savedshorteditor=\count344
\c@labelname=\count345
\c@savedlabelname=\count346
\c@institution=\count347
\c@savedinstitution=\count348
\c@lista=\count349
\c@savedlista=\count350
\c@listb=\count351
\c@savedlistb=\count352
\c@listc=\count353
\c@savedlistc=\count354
\c@listd=\count355
\c@savedlistd=\count356
\c@liste=\count357
\c@savedliste=\count358
\c@listf=\count359
\c@savedlistf=\count360
\c@location=\count361
\c@savedlocation=\count362
\c@organization=\count363
\c@savedorganization=\count364
\c@origlocation=\count365
\c@savedoriglocation=\count366
\c@origpublisher=\count367
\c@savedorigpublisher=\count368
\c@publisher=\count369
\c@savedpublisher=\count370
\c@language=\count371
\c@savedlanguage=\count372
\c@origlanguage=\count373
\c@savedoriglanguage=\count374
\c@pageref=\count375
\c@savedpageref=\count376
\shorthandwidth=\skip60
\shortjournalwidth=\skip61
\shortserieswidth=\skip62
\shorttitlewidth=\skip63
\shortauthorwidth=\skip64
\shorteditorwidth=\skip65
\locallabelnumberwidth=\skip66
\locallabelalphawidth=\skip67
\localshorthandwidth=\skip68
\localshortjournalwidth=\skip69
\localshortserieswidth=\skip70
\localshorttitlewidth=\skip71
\localshortauthorwidth=\skip72
\localshorteditorwidth=\skip73
Package biblatex Info: Trying to load compatibility code...
Package biblatex Info: ... file 'blx-compat.def' found.
 ("C:\Users\User\AppData\Local\Programs\MiKTeX 2.9\tex/latex/biblatex\blx-compat.def"
File: blx-compat.def 2019/12/01 v3.14 biblatex compatibility (PK/MW)
)
Package biblatex Info: Trying to load BibTeX backend compatibility...
Package biblatex Info: ... file 'blx-bibtex.def' found.
 ("C:\Users\User\AppData\Local\Programs\MiKTeX 2.9\tex/latex/biblatex\blx-bibtex.def"
File: blx-bibtex.def 2019/12/01 v3.14 biblatex compatibility (PK/MW)


Package biblatex Warning: Using fall-back BibTeX(8) backend:
(biblatex)                functionality may be reduced/unavailable.

)
Package biblatex Info: Trying to load generic definitions...
Package biblatex Info: ... file 'biblatex.def' found.
 ("C:\Users\User\AppData\Local\Programs\MiKTeX 2.9\tex/latex/biblatex\biblatex.def"
File: biblatex.def 2019/12/01 v3.14 biblatex compatibility (PK/MW)
\c@textcitecount=\count377
\c@textcitetotal=\count378
\c@textcitemaxnames=\count379
\c@biburlbigbreakpenalty=\count380
\c@biburlbreakpenalty=\count381
\c@biburlnumpenalty=\count382
\c@biburlucpenalty=\count383
\c@biburllcpenalty=\count384
\biburlbigskip=\muskip17
\biburlnumskip=\muskip18
\biburlucskip=\muskip19
\biburllcskip=\muskip20
\c@smartand=\count385
)
Package biblatex Info: Trying to load bibliography style 'authoryear-icomp'...
Package biblatex Info: ... file 'authoryear-icomp.bbx' found.
 ("C:\Users\User\AppData\Local\Programs\MiKTeX 2.9\tex/latex/biblatex/bbx\authoryear-icomp.bbx"
File: authoryear-icomp.bbx 2019/12/01 v3.14 biblatex bibliography style (PK/MW)
Package biblatex Info: Trying to load bibliography style 'authoryear'...
Package biblatex Info: ... file 'authoryear.bbx' found.
 ("C:\Users\User\AppData\Local\Programs\MiKTeX 2.9\tex/latex/biblatex/bbx\authoryear.bbx"
File: authoryear.bbx 2019/12/01 v3.14 biblatex bibliography style (PK/MW)
Package biblatex Info: Trying to load bibliography style 'standard'...
Package biblatex Info: ... file 'standard.bbx' found.
 ("C:\Users\User\AppData\Local\Programs\MiKTeX 2.9\tex/latex/biblatex/bbx\standard.bbx"
File: standard.bbx 2019/12/01 v3.14 biblatex bibliography style (PK/MW)
\c@bbx:relatedcount=\count386
\c@bbx:relatedtotal=\count387
)))
Package biblatex Info: Trying to load citation style 'authoryear-icomp'...
Package biblatex Info: ... file 'authoryear-icomp.cbx' found.
 ("C:\Users\User\AppData\Local\Programs\MiKTeX 2.9\tex/latex/biblatex/cbx\authoryear-icomp.cbx"
File: authoryear-icomp.cbx 2019/12/01 v3.14 biblatex citation style (PK/MW)
Package biblatex Info: Redefining '\cite'.
Package biblatex Info: Redefining '\parencite'.
Package biblatex Info: Redefining '\footcite'.
Package biblatex Info: Redefining '\footcitetext'.
Package biblatex Info: Redefining '\smartcite'.
Package biblatex Info: Redefining '\textcite'.
Package biblatex Info: Redefining '\textcites'.
Package biblatex Info: Redefining '\cites'.
Package biblatex Info: Redefining '\parencites'.
Package biblatex Info: Redefining '\footcites'.
Package biblatex Info: Redefining '\footcitetexts'.
Package biblatex Info: Redefining '\smartcites'.
)
Package biblatex Info: Trying to load configuration file...
Package biblatex Info: ... file 'biblatex.cfg' found.
 ("C:\Users\User\AppData\Local\Programs\MiKTeX 2.9\tex/latex/biblatex\biblatex.cfg"
File: biblatex.cfg 
))
\@quotelevel=\count388
\@quotereset=\count389
 ("C:\Users\User\AppData\Local\Programs\MiKTeX 2.9\tex/latex/l3backend\l3backend-pdfmode.def"
File: l3backend-pdfmode.def 2020-03-12 L3 backend support: PDF mode
\l__kernel_color_stack_int=\count390
\l__pdf_internal_box=\box49
) ("c:/Users\User\Desktop\UniPD\V anno\Laboratory 2\wasp-44\shared\report\Report.aux")
\openout1 = `Report.aux'.

LaTeX Font Info:    Checking defaults for OML/cmm/m/it on input line 61.
LaTeX Font Info:    ... okay on input line 61.
LaTeX Font Info:    Checking defaults for OMS/cmsy/m/n on input line 61.
LaTeX Font Info:    ... okay on input line 61.
LaTeX Font Info:    Checking defaults for OT1/cmr/m/n on input line 61.
LaTeX Font Info:    ... okay on input line 61.
LaTeX Font Info:    Checking defaults for T1/cmr/m/n on input line 61.
LaTeX Font Info:    ... okay on input line 61.
LaTeX Font Info:    Checking defaults for TS1/cmr/m/n on input line 61.
LaTeX Font Info:    ... okay on input line 61.
LaTeX Font Info:    Checking defaults for OMX/cmex/m/n on input line 61.
LaTeX Font Info:    ... okay on input line 61.
LaTeX Font Info:    Checking defaults for U/cmr/m/n on input line 61.
LaTeX Font Info:    ... okay on input line 61.
LaTeX Font Info:    Checking defaults for PD1/pdf/m/n on input line 61.
LaTeX Font Info:    ... okay on input line 61.
 ("C:\Users\User\AppData\Local\Programs\MiKTeX 2.9\tex/context/base/mkii\supp-pdf.mkii"
[Loading MPS to PDF converter (version 2006.09.02).]
\scratchcounter=\count391
\scratchdimen=\dimen153
\scratchbox=\box50
\nofMPsegments=\count392
\nofMParguments=\count393
\everyMPshowfont=\toks21
\MPscratchCnt=\count394
\MPscratchDim=\dimen154
\MPnumerator=\count395
\makeMPintoPDFobject=\count396
\everyMPtoPDFconversion=\toks22
) ("C:\Users\User\AppData\Local\Programs\MiKTeX 2.9\tex/latex/epstopdf-pkg\epstopdf-base.sty"
Package: epstopdf-base 2020-01-24 v2.11 Base part for package epstopdf
 ("C:\Users\User\AppData\Local\Programs\MiKTeX 2.9\tex/latex/grfext\grfext.sty"
Package: grfext 2019/12/03 v1.3 Manage graphics extensions (HO)
)
Package epstopdf-base Info: Redefining graphics rule for `.eps' on input line 485.
Package grfext Info: Graphics extension search list:
(grfext)             [.pdf,.png,.jpg,.mps,.jpeg,.jbig2,.jb2,.PDF,.PNG,.JPG,.JPEG,.JBIG2,.JB2,.eps]
(grfext)             \AppendGraphicsExtensions on input line 504.
)
Package caption Info: Begin \AtBeginDocument code.
Package caption Info: hyperref package is loaded.
Package caption Info: listings package is loaded.
Package caption Info: End \AtBeginDocument code.
\AtBeginShipoutBox=\box51
Package hyperref Info: Link coloring OFF on input line 61.
 ("C:\Users\User\AppData\Local\Programs\MiKTeX 2.9\tex/latex/hyperref\nameref.sty"
Package: nameref 2019/09/16 v2.46 Cross-referencing by name of section
 ("C:\Users\User\AppData\Local\Programs\MiKTeX 2.9\tex/latex/refcount\refcount.sty"
Package: refcount 2019/12/15 v3.6 Data extraction from label references (HO)
) ("C:\Users\User\AppData\Local\Programs\MiKTeX 2.9\tex/generic/gettitlestring\gettitlestring.sty"
Package: gettitlestring 2019/12/15 v1.6 Cleanup title references (HO)
)
\c@section@level=\count397
)
LaTeX Info: Redefining \ref on input line 61.
LaTeX Info: Redefining \pageref on input line 61.
LaTeX Info: Redefining \nameref on input line 61.
 ("c:/Users\User\Desktop\UniPD\V anno\Laboratory 2\wasp-44\shared\report\Report.out") ("c:/Users\User\Desktop\UniPD\V anno\Laboratory 2\wasp-44\shared\report\Report.out")
\@outlinefile=\write5
\openout5 = `Report.out'.

\c@lstlisting=\count398
Package biblatex Info: Trying to load language 'english'...
Package biblatex Info: ... file 'english.lbx' found.
 ("C:\Users\User\AppData\Local\Programs\MiKTeX 2.9\tex/latex/biblatex/lbx\english.lbx"
File: english.lbx 2019/12/01 v3.14 biblatex localization (PK/MW)
)
Package biblatex Info: Input encoding 'utf8' detected.
Package biblatex Info: Automatic encoding selection.
(biblatex)             Assuming data encoding 'utf8'.
Package biblatex Info: Input encoding 'utf8' specified.
Package biblatex Info: Data encoding 'utf8' specified.
(biblatex)             No need to reencode data.
\openout4 = `Report-blx.bib'.

Package biblatex Info: Trying to load bibliographic data...
Package biblatex Info: ... file 'Report.bbl' found.
 ("c:/Users\User\Desktop\UniPD\V anno\Laboratory 2\wasp-44\shared\report\Report.bbl")
Package biblatex Info: Reference section=0 on input line 61.
Package biblatex Info: Reference segment=0 on input line 61.
LaTeX Font Info:    External font `cmex10' loaded for size
(Font)              <12> on input line 63.
LaTeX Font Info:    External font `cmex10' loaded for size
(Font)              <8> on input line 63.
LaTeX Font Info:    External font `cmex10' loaded for size
(Font)              <6> on input line 63.
<../pictures/exo_dischist.png, id=91, 1230.5975pt x 936.49875pt>
File: ../pictures/exo_dischist.png Graphic file (type png)
<use ../pictures/exo_dischist.png>
Package pdftex.def Info: ../pictures/exo_dischist.png  used on input line 85.
(pdftex.def)             Requested size: 184.58167pt x 140.46875pt.

Underfull \vbox (badness 10000) has occurred while \output is active []

 [1{C:/Users/User/AppData/Local/MiKTeX/2.9/pdftex/config/pdftex.map}


 <../pictures/exo_dischist.png>]
<../pictures/transit.jpeg, id=113, 1013.7875pt x 935.495pt>
File: ../pictures/transit.jpeg Graphic file (type jpg)
<use ../pictures/transit.jpeg>
Package pdftex.def Info: ../pictures/transit.jpeg  used on input line 115.
(pdftex.def)             Requested size: 182.47388pt x 168.38182pt.
LaTeX Font Info:    External font `cmex10' loaded for size
(Font)              <10.95> on input line 128.
 [2 <../pictures/transit.jpeg>]
<../pictures/limb_darkening.png, id=128, 625.58719pt x 461.47406pt>
File: ../pictures/limb_darkening.png Graphic file (type png)
<use ../pictures/limb_darkening.png>
Package pdftex.def Info: ../pictures/limb_darkening.png  used on input line 183.
(pdftex.def)             Requested size: 156.39641pt x 115.36823pt.
 [3 <../pictures/limb_darkening.png>]
Underfull \hbox (badness 1072) in paragraph at lines 226--230
\OT1/cmr/m/n/10.95 idea is to take a ref-er-ence star close
 []

<../pictures/pre-reduction/bias.png, id=138, 322.20375pt x 252.945pt>
File: ../pictures/pre-reduction/bias.png Graphic file (type png)
<use ../pictures/pre-reduction/bias.png>
Package pdftex.def Info: ../pictures/pre-reduction/bias.png  used on input line 246.
(pdftex.def)             Requested size: 103.1073pt x 80.94405pt.
<../pictures/pre-reduction/master_bias.png, id=139, 322.20375pt x 252.945pt>
File: ../pictures/pre-reduction/master_bias.png Graphic file (type png)
<use ../pictures/pre-reduction/master_bias.png>
Package pdftex.def Info: ../pictures/pre-reduction/master_bias.png  used on input line 247.
(pdftex.def)             Requested size: 103.1073pt x 80.94405pt.
<../pictures/pre-reduction/bias_comp.png, id=140, 403.5075pt x 262.9825pt>
File: ../pictures/pre-reduction/bias_comp.png Graphic file (type png)
<use ../pictures/pre-reduction/bias_comp.png>
Package pdftex.def Info: ../pictures/pre-reduction/bias_comp.png  used on input line 248.
(pdftex.def)             Requested size: 141.22974pt x 92.04524pt.

Underfull \vbox (badness 10000) has occurred while \output is active []

<../pictures/pre-reduction/flat.png, id=141, 333.245pt x 252.945pt>
File: ../pictures/pre-reduction/flat.png Graphic file (type png)
<use ../pictures/pre-reduction/flat.png>
Package pdftex.def Info: ../pictures/pre-reduction/flat.png  used on input line 273.
(pdftex.def)             Requested size: 106.64056pt x 80.94405pt.
<../pictures/pre-reduction/master_flat.png, id=142, 333.245pt x 252.945pt>
File: ../pictures/pre-reduction/master_flat.png Graphic file (type png)
<use ../pictures/pre-reduction/master_flat.png>
Package pdftex.def Info: ../pictures/pre-reduction/master_flat.png  used on input line 274.
(pdftex.def)             Requested size: 106.64056pt x 80.94405pt.
<../pictures/pre-reduction/flat_comp.png, id=143, 397.485pt x 262.9825pt>
File: ../pictures/pre-reduction/flat_comp.png Graphic file (type png)
<use ../pictures/pre-reduction/flat_comp.png>
Package pdftex.def Info: ../pictures/pre-reduction/flat_comp.png  used on input line 275.
(pdftex.def)             Requested size: 139.12183pt x 92.04524pt.
 [4 <../pictures/pre-reduction/bias.png> <../pictures/pre-reduction/master_bias.png> <../pictures/pre-reduction/bias_comp.png>]
Underfull \hbox (badness 1533) in paragraph at lines 339--343
\OT1/cmr/m/n/10.95 where $\OML/cmm/m/it/10.95 c \OT1/cmr/m/n/10.95 = \OMS/cmsy/m/n/10.95 f\OT1/cmr/m/n/10.95 1\OML/cmm/m/it/10.95 ; \OT1/cmr/m/n/10.95 2\OMS/cmsy/m/n/10.95 g$ \OT1/cmr/m/n/10.95 se-lects the cen-troid-ing
 []

<../pictures/taste/sky-ref.png, id=158, 403.5075pt x 481.8pt>
File: ../pictures/taste/sky-ref.png Graphic file (type png)
<use ../pictures/taste/sky-ref.png>
Package pdftex.def Info: ../pictures/taste/sky-ref.png  used on input line 356.
(pdftex.def)             Requested size: 201.75325pt x 240.8994pt.
LaTeX Font Info:    External font `cmex10' loaded for size
(Font)              <7> on input line 360.
LaTeX Font Info:    External font `cmex10' loaded for size
(Font)              <5> on input line 360.
<../pictures/taste/target-ref_position.png, id=160, 385.44pt x 481.8pt>
File: ../pictures/taste/target-ref_position.png Graphic file (type png)
<use ../pictures/taste/target-ref_position.png>
Package pdftex.def Info: ../pictures/taste/target-ref_position.png  used on input line 372.
(pdftex.def)             Requested size: 192.71953pt x 240.8994pt.
<../pictures/taste/apertures.png, id=162, 387.4475pt x 480.79625pt>
File: ../pictures/taste/apertures.png Graphic file (type png)
<use ../pictures/taste/apertures.png>
Package pdftex.def Info: ../pictures/taste/apertures.png  used on input line 382.
(pdftex.def)             Requested size: 193.72327pt x 240.39752pt.
<../pictures/taste/saturation-quality.png, id=163, 402.50375pt x 262.9825pt>
File: ../pictures/taste/saturation-quality.png Graphic file (type png)
<use ../pictures/taste/saturation-quality.png>
Package pdftex.def Info: ../pictures/taste/saturation-quality.png  used on input line 395.
(pdftex.def)             Requested size: 201.25137pt x 131.49092pt.
<../pictures/taste/saturation-quality2.png, id=164, 403.5075pt x 262.9825pt>
File: ../pictures/taste/saturation-quality2.png Graphic file (type png)
<use ../pictures/taste/saturation-quality2.png>
Package pdftex.def Info: ../pictures/taste/saturation-quality2.png  used on input line 396.
(pdftex.def)             Requested size: 201.75325pt x 131.49092pt.
[5 <../pictures/pre-reduction/flat.png> <../pictures/pre-reduction/master_flat.png> <../pictures/pre-reduction/flat_comp.png>]
Underfull \vbox (badness 10000) has occurred while \output is active []

 [6 <../pictures/taste/sky-ref.png> <../pictures/taste/target-ref_position.png> <../pictures/taste/apertures.png>]
<../pictures/taste/transits.png, id=190, 505.89pt x 481.8pt>
File: ../pictures/taste/transits.png Graphic file (type png)
<use ../pictures/taste/transits.png>
Package pdftex.def Info: ../pictures/taste/transits.png  used on input line 412.
(pdftex.def)             Requested size: 252.94437pt x 240.8994pt.

Overfull \hbox (31.94437pt too wide) in paragraph at lines 412--414
 [][] 
 []

<../pictures/taste/fit_setting.png, id=191, 393.47pt x 372.39125pt>
File: ../pictures/taste/fit_setting.png Graphic file (type png)
<use ../pictures/taste/fit_setting.png>
Package pdftex.def Info: ../pictures/taste/fit_setting.png  used on input line 425.
(pdftex.def)             Requested size: 196.73451pt x 186.19516pt.
<../pictures/taste/fit.png, id=193, 393.47pt x 372.39125pt>
File: ../pictures/taste/fit.png Graphic file (type png)
<use ../pictures/taste/fit.png>
Package pdftex.def Info: ../pictures/taste/fit.png  used on input line 436.
(pdftex.def)             Requested size: 177.05986pt x 167.57451pt.
<../pictures/taste/residuals.png, id=194, 401.5pt x 374.39874pt>
File: ../pictures/taste/residuals.png Graphic file (type png)
<use ../pictures/taste/residuals.png>
Package pdftex.def Info: ../pictures/taste/residuals.png  used on input line 437.
(pdftex.def)             Requested size: 180.67332pt x 168.47787pt.
[7 <../pictures/taste/saturation-quality.png> <../pictures/taste/saturation-quality2.png> <../pictures/taste/transits.png>]
LaTeX Font Info:    External font `cmex10' loaded for size
(Font)              <9> on input line 490.

Underfull \hbox (badness 10000) in paragraph at lines 490--490
[][][]\OT1/cmr/m/n/9 Exoplanet Follow-up Ob-serv-ing Pro-
 []


Underfull \hbox (badness 10000) in paragraph at lines 490--490
\OT1/cmr/m/n/9 gram for TESS web-site, to be found at
 []


Overfull \hbox (59.29257pt too wide) in paragraph at lines 494--494
[][][]\OT1/cmr/m/n/9 https://mast.stsci.edu/portal/Mashup/Clients/Mast/Portal.html| 
 []

[8 <../pictures/taste/fit_setting.png> <../pictures/taste/fit.png> <../pictures/taste/residuals.png>]
<../pictures/tess/TPF.pdf, id=220, 500.83109pt x 397.485pt>
File: ../pictures/tess/TPF.pdf Graphic file (type pdf)
<use ../pictures/tess/TPF.pdf>
Package pdftex.def Info: ../pictures/tess/TPF.pdf  used on input line 510.
(pdftex.def)             Requested size: 200.32889pt x 158.99118pt.
<../pictures/tess/tess.png, id=221, 803.0pt x 534.99875pt>
File: ../pictures/tess/tess.png Graphic file (type png)
<use ../pictures/tess/tess.png>
Package pdftex.def Info: ../pictures/tess/tess.png  used on input line 531.
(pdftex.def)             Requested size: 240.90186pt x 160.50085pt.
<../pictures/tess/zoom.png, id=222, 803.0pt x 534.99875pt>
File: ../pictures/tess/zoom.png Graphic file (type png)
<use ../pictures/tess/zoom.png>
Package pdftex.def Info: ../pictures/tess/zoom.png  used on input line 532.
(pdftex.def)             Requested size: 240.90186pt x 160.50085pt.

Overfull \hbox (19.90186pt too wide) in paragraph at lines 531--533
 [][] 
 []


Overfull \hbox (19.90186pt too wide) in paragraph at lines 531--533
 [] 
 []

<../pictures/tess/lightcurve.png, id=223, 803.0pt x 534.99875pt>
File: ../pictures/tess/lightcurve.png Graphic file (type png)
<use ../pictures/tess/lightcurve.png>
Package pdftex.def Info: ../pictures/tess/lightcurve.png  used on input line 549.
(pdftex.def)             Requested size: 240.90186pt x 160.50085pt.

Overfull \hbox (19.90186pt too wide) in paragraph at lines 549--550
 [][] 
 []

[9 <../pictures/tess/TPF.pdf>]
<../pictures/tess/filters.png, id=298, 1337.99875pt x 803.0pt>
File: ../pictures/tess/filters.png Graphic file (type png)
<use ../pictures/tess/filters.png>
Package pdftex.def Info: ../pictures/tess/filters.png  used on input line 567.
(pdftex.def)             Requested size: 240.82938pt x 144.53375pt.

Overfull \hbox (19.82938pt too wide) in paragraph at lines 567--568
[][] 
 []

<../pictures/tess/phase.png, id=299, 1337.99875pt x 1071.00125pt>
File: ../pictures/tess/phase.png Graphic file (type png)
<use ../pictures/tess/phase.png>
Package pdftex.def Info: ../pictures/tess/phase.png  used on input line 576.
(pdftex.def)             Requested size: 240.82938pt x 192.7719pt.

Overfull \hbox (19.82938pt too wide) in paragraph at lines 576--577
[][] 
 []


Underfull \hbox (badness 1331) in paragraph at lines 587--594
\OT1/cmr/m/n/10.95 com-pared to the Box-fitting Least Square
 []

[10 <../pictures/tess/tess.png> <../pictures/tess/zoom.png> <../pictures/tess/lightcurve.png> <../pictures/tess/filters.png> <../pictures/tess/phase.png>]
<../pictures/tess/sde.png, id=314, 803.0pt x 803.0pt>
File: ../pictures/tess/sde.png Graphic file (type png)
<use ../pictures/tess/sde.png>
Package pdftex.def Info: ../pictures/tess/sde.png  used on input line 602.
(pdftex.def)             Requested size: 240.90186pt x 240.90186pt.

Overfull \hbox (19.90186pt too wide) in paragraph at lines 602--603
 [][] 
 []

<../pictures/tess/transit.png, id=315, 803.0pt x 803.0pt>
File: ../pictures/tess/transit.png Graphic file (type png)
<use ../pictures/tess/transit.png>
Package pdftex.def Info: ../pictures/tess/transit.png  used on input line 609.
(pdftex.def)             Requested size: 240.90186pt x 240.90186pt.

Overfull \hbox (19.90186pt too wide) in paragraph at lines 609--610
 [][] 
 []

<../pictures/tess/final.png, id=316, 803.0pt x 803.0pt>
File: ../pictures/tess/final.png Graphic file (type png)
<use ../pictures/tess/final.png>
Package pdftex.def Info: ../pictures/tess/final.png  used on input line 618.
(pdftex.def)             Requested size: 240.90186pt x 240.90186pt.

Overfull \hbox (19.90186pt too wide) in paragraph at lines 618--619
 [][] 
 []

[11 <../pictures/tess/sde.png> <../pictures/tess/transit.png>]
<../pictures/Claret2017/2017_c1_fixedmet.png, id=328, 397.485pt x 334.24875pt>
File: ../pictures/Claret2017/2017_c1_fixedmet.png Graphic file (type png)
<use ../pictures/Claret2017/2017_c1_fixedmet.png>
Package pdftex.def Info: ../pictures/Claret2017/2017_c1_fixedmet.png  used on input line 656.
(pdftex.def)             Requested size: 99.371pt x 83.56198pt.
<../pictures/Claret2017/2017_c2_fixedmet.png, id=329, 403.5075pt x 334.24875pt>
File: ../pictures/Claret2017/2017_c2_fixedmet.png Graphic file (type png)
<use ../pictures/Claret2017/2017_c2_fixedmet.png>
Package pdftex.def Info: ../pictures/Claret2017/2017_c2_fixedmet.png  used on input line 657.
(pdftex.def)             Requested size: 100.87662pt x 83.56198pt.
<../pictures/Claret2017/2017_c1_fixedg.png, id=330, 397.485pt x 334.24875pt>
File: ../pictures/Claret2017/2017_c1_fixedg.png Graphic file (type png)
<use ../pictures/Claret2017/2017_c1_fixedg.png>
Package pdftex.def Info: ../pictures/Claret2017/2017_c1_fixedg.png  used on input line 659.
(pdftex.def)             Requested size: 99.371pt x 83.56198pt.
<../pictures/Claret2017/2017_c2_fixedg.png, id=331, 403.5075pt x 334.24875pt>
File: ../pictures/Claret2017/2017_c2_fixedg.png Graphic file (type png)
<use ../pictures/Claret2017/2017_c2_fixedg.png>
Package pdftex.def Info: ../pictures/Claret2017/2017_c2_fixedg.png  used on input line 660.
(pdftex.def)             Requested size: 100.87662pt x 83.56198pt.

Underfull \vbox (badness 10000) has occurred while \output is active []

<../pictures/Claret2017/2017_c1.png, id=332, 387.4475pt x 372.39125pt>
File: ../pictures/Claret2017/2017_c1.png Graphic file (type png)
<use ../pictures/Claret2017/2017_c1.png>
Package pdftex.def Info: ../pictures/Claret2017/2017_c1.png  used on input line 669.
(pdftex.def)             Requested size: 96.86163pt x 93.09758pt.
<../pictures/Claret2017/2017_c2.png, id=333, 400.49625pt x 372.39125pt>
File: ../pictures/Claret2017/2017_c2.png Graphic file (type png)
<use ../pictures/Claret2017/2017_c2.png>
Package pdftex.def Info: ../pictures/Claret2017/2017_c2.png  used on input line 670.
(pdftex.def)             Requested size: 100.12381pt x 93.09758pt.
<../pictures/Claret2017/2017_c1_comp.png, id=334, 608.2725pt x 372.39125pt>
File: ../pictures/Claret2017/2017_c1_comp.png Graphic file (type png)
<use ../pictures/Claret2017/2017_c1_comp.png>
Package pdftex.def Info: ../pictures/Claret2017/2017_c1_comp.png  used on input line 685.
(pdftex.def)             Requested size: 212.89856pt x 130.33888pt.
<../pictures/Claret2017/2017_c2_comp.png, id=335, 608.2725pt x 372.39125pt>
File: ../pictures/Claret2017/2017_c2_comp.png Graphic file (type png)
<use ../pictures/Claret2017/2017_c2_comp.png>
Package pdftex.def Info: ../pictures/Claret2017/2017_c2_comp.png  used on input line 686.
(pdftex.def)             Requested size: 212.89856pt x 130.33888pt.
 [12 <../pictures/tess/final.png> <../pictures/Claret2017/2017_c1_fixedmet.png> <../pictures/Claret2017/2017_c2_fixedmet.png> <../pictures/Claret2017/2017_c1_fixedg.png> <../pictures/Claret2017/2017_c2_fixedg.png> <../pictures/Claret2017/2017_c1.png> <../pictures/Claret2017/2017_c2.png>]
<../pictures/Claret2017/double_logg4.png, id=350, 396.48125pt x 334.24875pt>
File: ../pictures/Claret2017/double_logg4.png Graphic file (type png)
<use ../pictures/Claret2017/double_logg4.png>
Package pdftex.def Info: ../pictures/Claret2017/double_logg4.png  used on input line 700.
(pdftex.def)             Requested size: 138.77051pt x 116.9888pt.
<../pictures/Claret2017/double_logg45.png, id=351, 396.48125pt x 334.24875pt>
File: ../pictures/Claret2017/double_logg45.png Graphic file (type png)
<use ../pictures/Claret2017/double_logg45.png>
Package pdftex.def Info: ../pictures/Claret2017/double_logg45.png  used on input line 701.
(pdftex.def)             Requested size: 138.77051pt x 116.9888pt.
<../pictures/Claret2017/double_logg_interp.png, id=352, 396.48125pt x 334.24875pt>
File: ../pictures/Claret2017/double_logg_interp.png Graphic file (type png)
<use ../pictures/Claret2017/double_logg_interp.png>
Package pdftex.def Info: ../pictures/Claret2017/double_logg_interp.png  used on input line 702.
(pdftex.def)             Requested size: 138.77051pt x 116.9888pt.
<../pictures/Claret2017/double_c1.png, id=353, 387.4475pt x 372.39125pt>
File: ../pictures/Claret2017/double_c1.png Graphic file (type png)
<use ../pictures/Claret2017/double_c1.png>
Package pdftex.def Info: ../pictures/Claret2017/double_c1.png  used on input line 707.
(pdftex.def)             Requested size: 135.60864pt x 130.33888pt.
<../pictures/Claret2017/double_c2.png, id=354, 400.49625pt x 372.39125pt>
File: ../pictures/Claret2017/double_c2.png Graphic file (type png)
<use ../pictures/Claret2017/double_c2.png>
Package pdftex.def Info: ../pictures/Claret2017/double_c2.png  used on input line 708.
(pdftex.def)             Requested size: 140.17578pt x 130.33888pt.

Underfull \vbox (badness 10000) has occurred while \output is active []


Underfull \vbox (badness 10000) has occurred while \output is active []

 [13 <../pictures/Claret2017/2017_c1_comp.png> <../pictures/Claret2017/2017_c2_comp.png> <../pictures/Claret2017/double_logg4.png> <../pictures/Claret2017/double_logg45.png> <../pictures/Claret2017/double_logg_interp.png>]
<../pictures/ClaretvClaret/2017.png, id=368, 396.48125pt x 334.24875pt>
File: ../pictures/ClaretvClaret/2017.png Graphic file (type png)
<use ../pictures/ClaretvClaret/2017.png>
Package pdftex.def Info: ../pictures/ClaretvClaret/2017.png  used on input line 722.
(pdftex.def)             Requested size: 138.77051pt x 116.9888pt.
<../pictures/ClaretvClaret/2018.png, id=369, 396.48125pt x 334.24875pt>
File: ../pictures/ClaretvClaret/2018.png Graphic file (type png)
<use ../pictures/ClaretvClaret/2018.png>
Package pdftex.def Info: ../pictures/ClaretvClaret/2018.png  used on input line 723.
(pdftex.def)             Requested size: 138.77051pt x 116.9888pt.

Underfull \vbox (badness 10000) has occurred while \output is active []

<../pictures/ClaretvClaret/c1.png, id=370, 387.4475pt x 372.39125pt>
File: ../pictures/ClaretvClaret/c1.png Graphic file (type png)
<use ../pictures/ClaretvClaret/c1.png>
Package pdftex.def Info: ../pictures/ClaretvClaret/c1.png  used on input line 730.
(pdftex.def)             Requested size: 135.60864pt x 130.33888pt.
<../pictures/ClaretvClaret/c2.png, id=371, 394.47375pt x 372.39125pt>
File: ../pictures/ClaretvClaret/c2.png Graphic file (type png)
<use ../pictures/ClaretvClaret/c2.png>
Package pdftex.def Info: ../pictures/ClaretvClaret/c2.png  used on input line 731.
(pdftex.def)             Requested size: 138.06787pt x 130.33888pt.
<../pictures/ClaretvClaret/c1_comp.png, id=372, 608.2725pt x 372.39125pt>
File: ../pictures/ClaretvClaret/c1_comp.png Graphic file (type png)
<use ../pictures/ClaretvClaret/c1_comp.png>
Package pdftex.def Info: ../pictures/ClaretvClaret/c1_comp.png  used on input line 732.
(pdftex.def)             Requested size: 212.89856pt x 130.33888pt.
<../pictures/ClaretvClaret/c2_comp.png, id=373, 614.295pt x 374.39874pt>
File: ../pictures/ClaretvClaret/c2_comp.png Graphic file (type png)
<use ../pictures/ClaretvClaret/c2_comp.png>
Package pdftex.def Info: ../pictures/ClaretvClaret/c2_comp.png  used on input line 733.
(pdftex.def)             Requested size: 215.00647pt x 131.04152pt.

Underfull \vbox (badness 10000) has occurred while \output is active []

 [14 <../pictures/Claret2017/double_c1.png> <../pictures/Claret2017/double_c2.png> <../pictures/ClaretvClaret/2017.png> <../pictures/ClaretvClaret/2018.png>]
Underfull \vbox (badness 5119) has occurred while \output is active []

<../pictures/Claret2011/c1.png, id=384, 387.4475pt x 372.39125pt>
File: ../pictures/Claret2011/c1.png Graphic file (type png)
<use ../pictures/Claret2011/c1.png>
Package pdftex.def Info: ../pictures/Claret2011/c1.png  used on input line 753.
(pdftex.def)             Requested size: 135.60864pt x 130.33888pt.
<../pictures/Claret2011/c2.png, id=385, 396.48125pt x 372.39125pt>
File: ../pictures/Claret2011/c2.png Graphic file (type png)
<use ../pictures/Claret2011/c2.png>
Package pdftex.def Info: ../pictures/Claret2011/c2.png  used on input line 754.
(pdftex.def)             Requested size: 138.77051pt x 130.33888pt.
<../pictures/Claret2011/c1_comp.png, id=386, 626.34pt x 372.39125pt>
File: ../pictures/Claret2011/c1_comp.png Graphic file (type png)
<use ../pictures/Claret2011/c1_comp.png>
Package pdftex.def Info: ../pictures/Claret2011/c1_comp.png  used on input line 755.
(pdftex.def)             Requested size: 219.22227pt x 130.33888pt.
<../pictures/Claret2011/c2_comp.png, id=387, 608.2725pt x 373.395pt>
File: ../pictures/Claret2011/c2_comp.png Graphic file (type png)
<use ../pictures/Claret2011/c2_comp.png>
Package pdftex.def Info: ../pictures/Claret2011/c2_comp.png  used on input line 756.
(pdftex.def)             Requested size: 212.89856pt x 130.6902pt.

Underfull \vbox (badness 10000) has occurred while \output is active []

 [15 <../pictures/ClaretvClaret/c1.png> <../pictures/ClaretvClaret/c2.png> <../pictures/ClaretvClaret/c1_comp.png> <../pictures/ClaretvClaret/c2_comp.png>]
Underfull \vbox (badness 5607) has occurred while \output is active []

<../pictures/time_corr.png, id=397, 385.44pt x 262.9825pt>
File: ../pictures/time_corr.png Graphic file (type png)
<use ../pictures/time_corr.png>
Package pdftex.def Info: ../pictures/time_corr.png  used on input line 773.
(pdftex.def)             Requested size: 211.99265pt x 144.64081pt.
Package atveryend Info: Empty hook `BeforeClearDocument' on input line 779.
 [16 <../pictures/Claret2011/c1.png> <../pictures/Claret2011/c2.png> <../pictures/Claret2011/c1_comp.png> <../pictures/Claret2011/c2_comp.png> <../pictures/time_corr.png>]
Package atveryend Info: Empty hook `AfterLastShipout' on input line 779.
 ("c:/Users\User\Desktop\UniPD\V anno\Laboratory 2\wasp-44\shared\report\Report.aux")
Package atveryend Info: Executing hook `AtVeryEndDocument' on input line 779.
Package atveryend Info: Executing hook `AtEndAfterFileList' on input line 779.
Package rerunfilecheck Info: File `Report.out' has not changed.
(rerunfilecheck)             Checksum: 2F5E21C77B98533FA5E7700C564B3918;1377.
Package logreq Info: Writing requests to 'Report.run.xml'.
\openout1 = `Report.run.xml'.

Package atveryend Info: Empty hook `AtVeryVeryEnd' on input line 779.
 ) 
Here is how much of TeX's memory you used:
 15994 strings out of 480896
 283976 string characters out of 2898648
 745034 words of memory out of 3000000
 31548 multiletter control sequences out of 15000+200000
 540283 words of font info for 50 fonts, out of 3000000 for 9000
 1141 hyphenation exceptions out of 8191
 43i,10n,45p,1004b,1224s stack positions out of 5000i,500n,10000p,200000b,50000s
 <C:\Users\User\AppData\Local\MiKTeX\2.9\fonts/pk/ljfour/jknappen/ec/dpi600\tcrm1095.pk><C:/Users/User/AppData/Local/Programs/MiKTeX 2.9/fonts/type1/public/amsfonts/cm/cmbx10.pfb><C:/Users/User/AppData/Local/Programs/MiKTeX 2.9/fonts/type1/public/amsfonts/cm/cmbx12.pfb><C:/Users/User/AppData/Local/Programs/MiKTeX 2.9/fonts/type1/public/amsfonts/cm/cmmi10.pfb><C:/Users/User/AppData/Local/Programs/MiKTeX 2.9/fonts/type1/public/amsfonts/cm/cmmi7.pfb><C:/Users/User/AppData/Local/Programs/MiKTeX 2.9/fonts/type1/public/amsfonts/cm/cmmi8.pfb><C:/Users/User/AppData/Local/Programs/MiKTeX 2.9/fonts/type1/public/amsfonts/cm/cmr10.pfb><C:/Users/User/AppData/Local/Programs/MiKTeX 2.9/fonts/type1/public/amsfonts/cm/cmr12.pfb><C:/Users/User/AppData/Local/Programs/MiKTeX 2.9/fonts/type1/public/amsfonts/cm/cmr17.pfb><C:/Users/User/AppData/Local/Programs/MiKTeX 2.9/fonts/type1/public/amsfonts/cm/cmr6.pfb><C:/Users/User/AppData/Local/Programs/MiKTeX 2.9/fonts/type1/public/amsfonts/cm/cmr7.pfb><C:/Users/User/AppData/Local/Programs/MiKTeX 2.9/fonts/type1/public/amsfonts/cm/cmr8.pfb><C:/Users/User/AppData/Local/Programs/MiKTeX 2.9/fonts/type1/public/amsfonts/cm/cmr9.pfb><C:/Users/User/AppData/Local/Programs/MiKTeX 2.9/fonts/type1/public/amsfonts/cm/cmsl10.pfb><C:/Users/User/AppData/Local/Programs/MiKTeX 2.9/fonts/type1/public/amsfonts/cm/cmsy10.pfb><C:/Users/User/AppData/Local/Programs/MiKTeX 2.9/fonts/type1/public/amsfonts/cm/cmsy8.pfb><C:/Users/User/AppData/Local/Programs/MiKTeX 2.9/fonts/type1/public/amsfonts/cm/cmti10.pfb><C:/Users/User/AppData/Local/Programs/MiKTeX 2.9/fonts/type1/public/amsfonts/cm/cmtt10.pfb>
Output written on "c:/Users\User\Desktop\UniPD\V anno\Laboratory 2\wasp-44\shared\report\Report.pdf" (16 pages, 2843067 bytes).
PDF statistics:
 490 PDF objects out of 1000 (max. 8388607)
 95 named destinations out of 1000 (max. 500000)
 424 words of extra memory for PDF output out of 10000 (max. 10000000)

