
PyORBIT v8.3

Python version in use:
3.8.8 (default, Apr 13 2021, 19:58:26) 
[GCC 7.3.0]

reloaded_optimize:  False
reloaded_pyde:  False
reloaded_emcee:  False

Opening:  LCdata
Adding common model of planet:  b
Using orbital model:  circular
Using orbital parametrization:  Eastman2013_Tcent
Using Central Time of Transit instead of phase

Using limb darkening coefficient parametrization:  Kipping
  LC model: lc_model_b is using limb_darkening LD parameters

====================================================================================================
     Boundaries of the sampler variables     
====================================================================================================

----- dataset:  LCdata
jitter_0         7  ([  0.000043,   0.446000])

----------  LCdata      ----- model:  lc_model_b

----- common model:  b
Tc               0  ([2458386.537000, 2458386.609000])
P                1  ([  2.182923,   2.668017])
R                2  ([  0.000010,   0.500000])
b                3  ([  0.000000,   2.000000])

----- common model:  star_parameters
rho              6  ([  0.000000,   5.000000])

----- common model:  limb_darkening
ld_q1            4  ([  0.000000,   1.000000])
ld_q2            5  ([  0.000000,   1.000000])

Include priors:  True

Reference Time Tref:  2458000.0

Dimensions =  8
Nwalkers =  64

Using threading pool for PyDE: True
PyDE running
Boundaries redefined after PyDE output
PyDE completed


====================================================================================================
     Starting point of the sample/optimization routines    
====================================================================================================

----- dataset:  LCdata
jitter_0         7      0.000046 ([  0.000043,   0.446000])

----------  LCdata      ----- model:  lc_model_b

----- common model:  b
Tc               0  2458386.578134 ([2458386.537000, 2458386.609000])
P                1      2.423862 ([  2.182923,   2.668017])
R                2      0.118270 ([  0.000010,   0.500000])
b                3      0.540806 ([  0.000000,   2.000000])

----- common model:  star_parameters
rho              6      1.207539 ([  0.000000,   5.000000])

----- common model:  limb_darkening
ld_q1            4      0.310842 ([  0.000000,   1.000000])
ld_q2            5      0.586442 ([  0.000000,   1.000000])

====================================================================================================
     Starting point projected onto the physical space     
====================================================================================================

----- dataset:  LCdata
jitter_0              0.000046 


----------  LCdata      ----- model:  lc_model_b

----- common model:  b
Tc              2458386.578134 
P                     2.423862 
e                 0.000000e+00 
R                     0.118270 
o                     1.570796 
b                     0.540806 

----- common model:  star_parameters
rho                   1.207539 

----- common model:  limb_darkening
ld_c1                 0.653921 
ld_c2                -0.096388 

====================================================================================================
     Derived parameters obtained from starting point     
====================================================================================================

----- common model:  b
a                     8.082676 
i                    86.163513 
f                     4.784795 
R_Rj                  1.074337 
R_Re                 12.042151 
T_41                  0.093874 
T_32                  0.066708 
a_AU_(rho,R)          0.035087 


====================================================================================================
     Statistics on the log-likelihood     
====================================================================================================

 LN probability:  6086.550196 

====================================================================================================
     ------------------------------------------------------------------------------------------     
====================================================================================================



*************************************************************

Running emcee

emcee version:  3.1.1
Using threading pool for emcee: True


The chains are more than 50 times longer than the ACF, the estimate can be trusted

Computing the autocorrelation time of the chains
Reference thinning used in the analysis: 200
Step length used in the analysis: 1*nthin = 200

Convergence criteria: less than 1% variation in ACF after 50 times the integrated ACF
At least 50*ACF after convergence, 100*ACF would be ideal
Negative values: not converged yet

          sample variable      |    ACF   | ACF*nthin | converged at | nteps/ACF 
                               |          |           |              |           
          LCdata_jitter_0      |   1.112  |    222.3  |    11200     |    399.4   
          b_Tc                 |   1.093  |    218.6  |    11000     |    407.1   
          b_P                  |   1.113  |    222.5  |    11400     |    398.1   
          b_R                  |   1.252  |    250.5  |    12600     |    348.9   
          b_b                  |   1.147  |    229.3  |    11600     |    385.5   
          star_parameters_rho  |   1.082  |    216.4  |    11000     |    411.3   
          limb_darkening_ld_q1 |   1.284  |    256.7  |    13000     |    338.9   
          limb_darkening_ld_q2 |   1.192  |    238.4  |    12200     |    368.3   

All the chains are longer than 100*ACF 
Suggested value for burnin:  13000


====================================================================================================
     Statistics on the posterior of the sampler variables     
====================================================================================================

----- dataset:  LCdata
jitter_0         7      0.000238      -0.000138      0.000215 (15-84 p) ([ 0.000043,  0.446000])

----------  LCdata      ----- model:  lc_model_b

----- common model:  b
Tc               0  2458386.578190      -0.000703      0.000726 (15-84 p) ([2458386.537000, 2458386.609000])
P                1      2.423849      -0.000166      0.000170 (15-84 p) ([ 2.182923,  2.668017])
R                2      0.116986      -0.002658      0.002533 (15-84 p) ([ 0.000010,  0.500000])
b                3      0.526238      -0.052043      0.047149 (15-84 p) ([ 0.000000,  2.000000])

----- common model:  star_parameters
rho              6      1.210789      -0.089081      0.088489 (15-84 p) ([ 0.000000,  5.000000])

----- common model:  limb_darkening
ld_q1            4      0.451766      -0.220456      0.331558 (15-84 p) ([ 0.000000,  1.000000])
ld_q2            5      0.375071      -0.227671      0.348760 (15-84 p) ([ 0.000000,  1.000000])

====================================================================================================
     Statistics on the physical parameters obtained from the posteriors samples     
====================================================================================================

----- dataset:  LCdata
jitter_0              0.000238         -0.000138         0.000215 (15-84 p)


----------  LCdata      ----- model:  lc_model_b

----- common model:  b
Tc              2458386.578190         -0.000703         0.000726 (15-84 p)
P                     2.423849         -0.000166         0.000170 (15-84 p)
e                 0.000000e+00 
R                     0.116986         -0.002658         0.002533 (15-84 p)
o                     1.570796 
b                     0.526238         -0.052043         0.047149 (15-84 p)

----- common model:  star_parameters
rho                   1.210789         -0.089081         0.088489 (15-84 p)

----- common model:  limb_darkening
ld_c1                 0.505018         -0.280614         0.262114 (15-84 p)
ld_c2                 0.166853         -0.387143         0.396596 (15-84 p)

====================================================================================================
     Statistics on the derived parameters obtained from the posteriors samples     
====================================================================================================

----- common model:  b
a                     8.089877         -0.203508         0.192430 (15-84 p)
i                    86.273404         -0.424073         0.429476 (15-84 p)
f                     4.778982         -0.070184         0.071796 (15-84 p)
R_Rj                  1.057163         -0.027364         0.026789 (15-84 p)
R_Re                 11.849653         -0.306722         0.300276 (15-84 p)
T_41                  0.094409         -0.001493         0.001564 (15-84 p)
T_32                  0.067828         -0.002840         0.002725 (15-84 p)
a_AU_(rho,R)          0.034946         -0.000992         0.000946 (15-84 p)


====================================================================================================
     ------------------------------------------------------------------------------------------     
====================================================================================================



emcee completed

