
PyORBIT v8.3

Python version in use:
3.8.8 (default, Apr 13 2021, 19:58:26) 
[GCC 7.3.0]

reloaded_optimize:  False
reloaded_pyde:  False
reloaded_emcee:  False

Opening:  LCdata
Adding common model of planet:  b
Using orbital model:  circular
Using orbital parametrization:  Eastman2013_Tcent
Using Central Time of Transit instead of phase

Using limb darkening coefficient parametrization:  Kipping
  LC model: lc_model_b is using limb_darkening LD parameters

====================================================================================================
     Boundaries of the sampler variables     
====================================================================================================

----- dataset:  LCdata
jitter_0         7  ([  0.000043,   0.446000])

----------  LCdata      ----- model:  lc_model_b

----- common model:  b
P                0  ([  2.182923,   2.668017])
b                1  ([  0.000000,   2.000000])
R                2  ([  0.000010,   0.500000])
Tc               3  ([2458386.537000, 2458386.609000])

----- common model:  star_parameters
rho              6  ([  0.000000,   5.000000])

----- common model:  limb_darkening
ld_q1            4  ([  0.000000,   1.000000])
ld_q2            5  ([  0.000000,   1.000000])

Include priors:  True

Reference Time Tref:  5000.0

Dimensions =  8
Nwalkers =  64

Using threading pool for PyDE: True
PyDE running
Boundaries redefined after PyDE output
PyDE completed


====================================================================================================
     Starting point of the sample/optimization routines    
====================================================================================================

----- dataset:  LCdata
jitter_0         7      0.000045 ([  0.000043,   0.446000])

----------  LCdata      ----- model:  lc_model_b

----- common model:  b
P                0      2.423861 ([  2.182923,   2.668017])
b                1      0.538075 ([  0.000000,   2.000000])
R                2      0.118064 ([  0.000010,   0.500000])
Tc               3  2458386.578137 ([2458386.537000, 2458386.609000])

----- common model:  star_parameters
rho              6      1.210377 ([  0.000000,   5.000000])

----- common model:  limb_darkening
ld_q1            4      0.335271 ([  0.000000,   1.000000])
ld_q2            5      0.544807 ([  0.000000,   1.000000])

====================================================================================================
     Starting point projected onto the physical space     
====================================================================================================

----- dataset:  LCdata
jitter_0              0.000045 


----------  LCdata      ----- model:  lc_model_b

----- common model:  b
o                     1.570796 
P                     2.423861 
b                     0.538075 
R                     0.118064 
e                 0.000000e+00 
Tc              2458386.578137 

----- common model:  star_parameters
rho                   1.210377 

----- common model:  limb_darkening
ld_c1                 0.630915 
ld_c2                -0.051889 

====================================================================================================
     Derived parameters obtained from starting point     
====================================================================================================

----- common model:  b
a                     8.088999 
i                    86.185902 
f                     0.205570 
R_Rj                  1.060118 
R_Re                 11.882777 
T_41                  0.093920 
T_32                  0.066882 
a_AU_(rho,R)          0.034711 


====================================================================================================
     Statistics on the log-likelihood     
====================================================================================================

 LN probability:  6086.548431 

====================================================================================================
     ------------------------------------------------------------------------------------------     
====================================================================================================



*************************************************************

Running emcee

emcee version:  3.1.1
Using threading pool for emcee: True


The chains are more than 50 times longer than the ACF, the estimate can be trusted

Computing the autocorrelation time of the chains
Reference thinning used in the analysis: 200
Step length used in the analysis: 1*nthin = 200

Convergence criteria: less than 1% variation in ACF after 50 times the integrated ACF
At least 50*ACF after convergence, 100*ACF would be ideal
Negative values: not converged yet

          sample variable      |    ACF   | ACF*nthin | converged at | nteps/ACF 
                               |          |           |              |           
          LCdata_jitter_0      |   1.173  |    234.6  |    11800     |    376.0   
          b_P                  |   1.109  |    221.9  |    11200     |    400.2   
          b_b                  |   1.164  |    232.9  |    11800     |    378.7   
          b_R                  |   1.192  |    238.4  |    12000     |    369.1   
          b_Tc                 |   1.118  |    223.5  |    11200     |    397.3   
          star_parameters_rho  |   1.119  |    223.9  |    11400     |    395.7   
          limb_darkening_ld_q1 |   1.225  |    244.9  |    12400     |    357.6   
          limb_darkening_ld_q2 |   1.194  |    238.8  |    12400     |    366.8   

All the chains are longer than 100*ACF 
Suggested value for burnin:  12400


====================================================================================================
     Statistics on the posterior of the sampler variables     
====================================================================================================

----- dataset:  LCdata
jitter_0         7      0.000241      -0.000141      0.000219 (15-84 p) ([ 0.000043,  0.446000])

----------  LCdata      ----- model:  lc_model_b

----- common model:  b
P                0      2.423846      -0.000168      0.000167 (15-84 p) ([ 2.182923,  2.668017])
b                1      0.526068      -0.052957      0.047805 (15-84 p) ([ 0.000000,  2.000000])
R                2      0.116950      -0.002680      0.002595 (15-84 p) ([ 0.000010,  0.500000])
Tc               3  2458386.578204      -0.000720      0.000721 (15-84 p) ([2458386.537000, 2458386.609000])

----- common model:  star_parameters
rho              6      1.209717      -0.088844      0.090123 (15-84 p) ([ 0.000000,  5.000000])

----- common model:  limb_darkening
ld_q1            4      0.453501      -0.221333      0.334212 (15-84 p) ([ 0.000000,  1.000000])
ld_q2            5      0.376194      -0.227193      0.352314 (15-84 p) ([ 0.000000,  1.000000])

====================================================================================================
     Statistics on the physical parameters obtained from the posteriors samples     
====================================================================================================

----- dataset:  LCdata
jitter_0              0.000241         -0.000141         0.000219 (15-84 p)


----------  LCdata      ----- model:  lc_model_b

----- common model:  b
o                     1.570796 
P                     2.423846         -0.000168         0.000167 (15-84 p)
b                     0.526068         -0.052957         0.047805 (15-84 p)
R                     0.116950         -0.002680         0.002595 (15-84 p)
e                 0.000000e+00 
Tc              2458386.578204         -0.000720         0.000721 (15-84 p)

----- common model:  star_parameters
rho                   1.209717         -0.088844         0.090123 (15-84 p)

----- common model:  limb_darkening
ld_c1                 0.509840         -0.282570         0.257019 (15-84 p)
ld_c2                 0.167904         -0.392996         0.396461 (15-84 p)

====================================================================================================
     Statistics on the derived parameters obtained from the posteriors samples     
====================================================================================================

----- common model:  b
a                     8.087496         -0.202901         0.196078 (15-84 p)
i                    86.270929         -0.425574         0.438719 (15-84 p)
f                     3.139432         -2.144332         2.141934 (15-84 p)
R_Rj                  1.056781         -0.027668         0.027393 (15-84 p)
R_Re                 11.845369         -0.310133         0.307050 (15-84 p)
T_41                  0.094423         -0.001489         0.001569 (15-84 p)
T_32                  0.067846         -0.002870         0.002789 (15-84 p)
a_AU_(rho,R)          0.034934         -0.000978         0.000975 (15-84 p)


====================================================================================================
     ------------------------------------------------------------------------------------------     
====================================================================================================



emcee completed

