
PyORBIT v8.3

Python version in use:
3.8.8 (default, Apr 13 2021, 19:58:26) 
[GCC 7.3.0]
 LaTeX disabled

emcee version:  3.1.1

 Reference Time Tref: 2458000.0

 Dimensions = 8
 Nwalkers = 64

 Steps: 100000

The chains are more than 50 times longer than the ACF, the estimate can be trusted

Computing the autocorrelation time of the chains
Reference thinning used in the analysis: 200
Step length used in the analysis: 1*nthin = 200

Convergence criteria: less than 1% variation in ACF after 50 times the integrated ACF
At least 50*ACF after convergence, 100*ACF would be ideal
Negative values: not converged yet

          sample variable      |    ACF   | ACF*nthin | converged at | nteps/ACF 
                               |          |           |              |           
          LCdata_jitter_0      |   1.112  |    222.3  |    11200     |    399.4   
          b_Tc                 |   1.093  |    218.6  |    11000     |    407.1   
          b_P                  |   1.113  |    222.5  |    11400     |    398.1   
          b_R                  |   1.252  |    250.5  |    12600     |    348.9   
          b_b                  |   1.147  |    229.3  |    11600     |    385.5   
          star_parameters_rho  |   1.082  |    216.4  |    11000     |    411.3   
          limb_darkening_ld_q1 |   1.284  |    256.7  |    13000     |    338.9   
          limb_darkening_ld_q2 |   1.192  |    238.4  |    12200     |    368.3   

All the chains are longer than 100*ACF 
Suggested value for burnin:  13000


 LN posterior:  6083.363902      -2.058923     1.420042 (15-84 p) 

 Median log_priors     = 4.229949395882311
 Median log_likelihood = 6082.02339579866
 Median BIC  (using likelihood) = -12105.589173079203
 Median AIC  (using likelihood) = -12148.04679159732
 Median AICc (using likelihood) = -12147.949625605417

 Median BIC  (using posterior)  = -12114.049071870968
 Median AIC  (using posterior)  = -12156.506690389086
 Median AICc (using posterior)  = -12156.409524397182

 MAP log_priors     = 4.212037891793198
 MAP log_likelihood = 6082.270388116394
 MAP BIC  (using likelihood) = -12106.083157714671
 MAP AIC  (using likelihood) = -12148.540776232789
 MAP AICc (using likelihood) = -12148.443610240885

 MAP BIC  (using posterior)  = -12114.507233498258
 MAP AIC  (using posterior)  = -12156.964852016376
 MAP AICc (using posterior)  = -12156.867686024472

 AIC suggested over AICs because NDATA (  1491.000000 ) > 40 * NDIM (     8.000000 )

****************************************************************************************************
****************************************************************************************************

 Confidence intervals (median value, 34.135th percentile from the median on the left and right side)

====================================================================================================
     Statistics on the posterior of the sampler variables     
====================================================================================================

----- dataset:  LCdata
jitter_0         7      0.000238      -0.000138      0.000215 (15-84 p) ([ 0.000043,  0.446000])

----------  LCdata      ----- model:  lc_model_b

----- common model:  b
Tc               0  2458386.578190      -0.000703      0.000726 (15-84 p) ([2458386.537000, 2458386.609000])
P                1      2.423849      -0.000166      0.000170 (15-84 p) ([ 2.182923,  2.668017])
R                2      0.116986      -0.002658      0.002533 (15-84 p) ([ 0.000010,  0.500000])
b                3      0.526238      -0.052043      0.047149 (15-84 p) ([ 0.000000,  2.000000])

----- common model:  star_parameters
rho              6      1.210789      -0.089081      0.088489 (15-84 p) ([ 0.000000,  5.000000])

----- common model:  limb_darkening
ld_q1            4      0.451766      -0.220456      0.331558 (15-84 p) ([ 0.000000,  1.000000])
ld_q2            5      0.375071      -0.227671      0.348760 (15-84 p) ([ 0.000000,  1.000000])

====================================================================================================
     Statistics on the physical parameters obtained from the posteriors samples     
====================================================================================================

----- dataset:  LCdata
jitter_0              0.000238         -0.000138         0.000215 (15-84 p)


----------  LCdata      ----- model:  lc_model_b

----- common model:  b
Tc              2458386.578190         -0.000703         0.000726 (15-84 p)
P                     2.423849         -0.000166         0.000170 (15-84 p)
e                 0.000000e+00 
R                     0.116986         -0.002658         0.002533 (15-84 p)
o                     1.570796 
b                     0.526238         -0.052043         0.047149 (15-84 p)

----- common model:  star_parameters
rho                   1.210789         -0.089081         0.088489 (15-84 p)

----- common model:  limb_darkening
ld_c1                 0.505018         -0.280614         0.262114 (15-84 p)
ld_c2                 0.166853         -0.387143         0.396596 (15-84 p)

====================================================================================================
     Statistics on the derived parameters obtained from the posteriors samples     
====================================================================================================

----- common model:  b
a                     8.089877         -0.203508         0.192430 (15-84 p)
i                    86.273404         -0.424073         0.429476 (15-84 p)
f                     4.778982         -0.070184         0.071796 (15-84 p)
R_Rj                  1.057139         -0.027212         0.027189 (15-84 p)
R_Re                 11.849381         -0.305019         0.304763 (15-84 p)
T_41                  0.094409         -0.001493         0.001564 (15-84 p)
T_32                  0.067828         -0.002840         0.002725 (15-84 p)
a_AU_(rho,R)          0.034943         -0.000985         0.000965 (15-84 p)


====================================================================================================
     ------------------------------------------------------------------------------------------     
====================================================================================================



****************************************************************************************************

 Parameters corresponding to the Maximum a Posteriori probability ( 6086.482426008188 )


====================================================================================================
     Statistics on the posterior of the sampler variables     
====================================================================================================

----- dataset:  LCdata
jitter_0         7      0.000054 ([  0.000043,   0.446000])

----------  LCdata      ----- model:  lc_model_b

----- common model:  b
Tc               0  2458386.578079 ([2458386.537000, 2458386.609000])
P                1      2.423875 ([  2.182923,   2.668017])
R                2      0.118628 ([  0.000010,   0.500000])
b                3      0.546682 ([  0.000000,   2.000000])

----- common model:  star_parameters
rho              6      1.217528 ([  0.000000,   5.000000])

----- common model:  limb_darkening
ld_q1            4      0.256490 ([  0.000000,   1.000000])
ld_q2            5      0.695468 ([  0.000000,   1.000000])

====================================================================================================
     Statistics on the physical parameters obtained from the posteriors samples     
====================================================================================================

----- dataset:  LCdata
jitter_0              0.000054 


----------  LCdata      ----- model:  lc_model_b

----- common model:  b
Tc              2458386.578079 
P                     2.423875 
e                 0.000000e+00 
R                     0.118628 
o                     1.570796 
b                     0.546682 

----- common model:  star_parameters
rho                   1.217528 

----- common model:  limb_darkening
ld_c1                 0.704437 
ld_c2                -0.197989 

====================================================================================================
     Statistics on the derived parameters obtained from the posteriors samples     
====================================================================================================

----- common model:  b
a                     8.104929 
i                    86.132434 
f                     4.790167 
R_Rj                  1.077483 
R_Re                 12.077417 
T_41                  0.093344 
T_32                  0.066043 
a_AU_(rho,R)          0.035181 


====================================================================================================
     ------------------------------------------------------------------------------------------     
====================================================================================================



****************************************************************************************************

Note: priors on stellar mass and radius provided independently from the measured density, no check for consistency is performed

 Plot FLAT chain 

****************************************************************************************************

 Plotting full_correlation plot with GetDist

 Ignore the no burn in error warning from getdist
 since burn in has been already removed from the chains
Removed no burn in


****************************************************************************************************

 Plotting the chains... 

****************************************************************************************************

 Plotting the Gelman-Rubin traces... 

     Gelman-Rubin:     7     1.000068 LCdata_jitter_0 
     Gelman-Rubin:     0     1.000082 b_Tc 
     Gelman-Rubin:     1     1.000192 b_P 
     Gelman-Rubin:     2     1.000525 b_R 
     Gelman-Rubin:     3     1.000399 b_b 
     Gelman-Rubin:     6     1.000602 star_parameters_rho 
     Gelman-Rubin:     4     1.000290 limb_darkening_ld_q1 
     Gelman-Rubin:     5     1.000504 limb_darkening_ld_q2 

****************************************************************************************************

 Plotting the common models corner plots
     Common model:  b
     Common model:  star_parameters
     Common model:  limb_darkening

****************************************************************************************************

 Dataset + models corner plots 

     Dataset:  LCdata     model:  lc_model_b  corner plot  done 

****************************************************************************************************

 Saving the planet variable samplings to files (with plots)

****************************************************************************************************

 Saving all the variable samplings to files (with plots)

****************************************************************************************************

 Computing the models for plot/data writing 
 Writing the plots 
 Writing the   data files 
 Writing the  MAP_ data files 

****************************************************************************************************

