
PyORBIT v8.3

Python version in use:
3.8.8 (default, Apr 13 2021, 19:58:26) 
[GCC 7.3.0]

emcee version:  3.1.1

 Reference Time Tref: 5000.0

 Dimensions = 5
 Nwalkers = 20

 Steps: 100000

The chains are more than 50 times longer than the ACF, the estimate can be trusted

Computing the autocorrelation time of the chains
Reference thinning used in the analysis: 200
Step length used in the analysis: 1*nthin = 200

Convergence criteria: less than 1% variation in ACF after 50 times the integrated ACF
At least 50*ACF after convergence, 100*ACF would be ideal
Negative values: not converged yet

          sample variable      |    ACF   | ACF*nthin | converged at | nteps/ACF 
                               |          |           |              |           
          RVdata_jitter_0      |   0.993  |    198.7  |    10600     |    449.9   
          RVdata_offset_0      |   0.980  |    196.1  |    10800     |    454.9   
          b_Tc                 |   1.018  |    203.6  |    10200     |    441.0   
          b_P                  |   0.915  |    182.9  |     9400     |    495.3   
          b_K                  |   1.023  |    204.5  |    11000     |    435.2   

All the chains are longer than 100*ACF 
Suggested value for burnin:  11000


 LN posterior:  -294.579002      -1.945646     1.221435 (15-84 p) 

 Median log_priors     = -191.56610549593557
 Median log_likelihood = -101.52054567303111
 Median BIC  (using likelihood) = 217.2071580663433
 Median AIC  (using likelihood) = 213.04109134606222
 Median AICc (using likelihood) = 218.49563680060768

 Median BIC  (using posterior)  = 600.3393690582144
 Median AIC  (using posterior)  = 596.1733023379334
 Median AICc (using posterior)  = 601.6278477924789

 MAP log_priors     = -190.93773645875024
 MAP log_likelihood = -101.37003373833349
 MAP BIC  (using likelihood) = 216.90613419694807
 MAP AIC  (using likelihood) = 212.74006747666698
 MAP AICc (using likelihood) = 218.19461293121245

 MAP BIC  (using posterior)  = 598.7816071144485
 MAP AIC  (using posterior)  = 594.6155403941675
 MAP AICc (using posterior)  = 600.070085848713

 AICc suggested over AIC because NDATA (    17.000000 ) < 40 * NDIM (     5.000000 )

****************************************************************************************************
****************************************************************************************************

 Confidence intervals (median value, 34.135th percentile from the median on the left and right side)

====================================================================================================
     Statistics on the posterior of the sampler variables     
====================================================================================================

----- dataset:  RVdata
jitter_0         3     99.366721     -17.380482     23.046921 (15-84 p) ([ 0.180000, 4000.000000])
offset_0         4  -4036.405538     -24.558022     24.819360 (15-84 p) ([-14173.000000, 6106.000000])

----------  RVdata      ----- model:  radial_velocities_b

----- common model:  b
Tc               0  2458386.099117      -0.001464      0.000661 (15-84 p) ([2458386.000000, 2458386.100000])
P                1      2.423844      -0.000000      0.000000 (15-84 p) ([ 2.400000,  2.440000])
K                2     -0.447117      -4.269764      4.265392 (15-84 p) ([-6.643856, 12.036174])

----- common model:  star_parameters

====================================================================================================
     Statistics on the physical parameters obtained from the posteriors samples     
====================================================================================================

----- dataset:  RVdata
jitter_0             99.366721        -17.380482        23.046921 (15-84 p)
offset_0          -4036.405538        -24.558022        24.819360 (15-84 p)


----------  RVdata      ----- model:  radial_velocities_b

----- common model:  b
o                     1.570796 
Tc              2458386.099117         -0.001464         0.000661 (15-84 p)
e                 0.000000e+00 
P                 2.423844e+00     -2.373375e-08     2.393722e-08 (15-84 p)
K                     0.733507         -0.695481        13.372864 (15-84 p)

----- common model:  star_parameters

====================================================================================================
     Statistics on the derived parameters obtained from the posteriors samples     
====================================================================================================

----- common model:  b
Inclination randomized to 86.27 +- 0.43 deg
Computing planetary mass under the approximation M_planet << M_star (threshold at 30.0 Me)
a                     8.050002         -0.177729         0.167156 (15-84 p)
i                    86.273495         -0.418962         0.421516 (15-84 p)
M                 4.459295e-06     -4.225394e-06     8.212668e-05 (15-84 p)
M_Mj                  0.004670         -0.004425         0.086015 (15-84 p)
M_Me                  1.484705         -1.406828        27.343753 (15-84 p)
f                     0.824500         -0.062218         0.062746 (15-84 p)
a_AU_(M)              0.034778         -0.000632         0.000562 (15-84 p)
a_AU_(rho,R)          0.034777         -0.000632         0.000562 (15-84 p)


====================================================================================================
     ------------------------------------------------------------------------------------------     
====================================================================================================



****************************************************************************************************

 Parameters corresponding to the Maximum a Posteriori probability ( -292.30777019708376 )


====================================================================================================
     Statistics on the posterior of the sampler variables     
====================================================================================================

----- dataset:  RVdata
jitter_0         3     93.027008 ([  0.180000, 4000.000000])
offset_0         4  -4038.667979 ([-14173.000000, 6106.000000])

----------  RVdata      ----- model:  radial_velocities_b

----- common model:  b
Tc               0  2458386.099937 ([2458386.000000, 2458386.100000])
P                1      2.423844 ([  2.400000,   2.440000])
K                2      2.477309 ([ -6.643856,  12.036174])

----- common model:  star_parameters

====================================================================================================
     Statistics on the physical parameters obtained from the posteriors samples     
====================================================================================================

----- dataset:  RVdata
jitter_0             93.027008 
offset_0          -4038.667979 


----------  RVdata      ----- model:  radial_velocities_b

----- common model:  b
o                     1.570796 
Tc              2458386.099937 
e                 0.000000e+00 
P                     2.423844 
K                     5.568577 

----- common model:  star_parameters

====================================================================================================
     Statistics on the derived parameters obtained from the posteriors samples     
====================================================================================================

----- common model:  b
Inclination randomized to 86.27 +- 0.43 deg
a                     7.811833 
i                    86.086256 
M                     0.000032 
M_Mj                  0.033802 
M_Me                 10.745325 
f                     0.829724 
a_AU_(M)              0.033806 
a_AU_(rho,R)          0.033805 


====================================================================================================
     ------------------------------------------------------------------------------------------     
====================================================================================================



****************************************************************************************************

Note: stellar density derived from its mass and radius

 Plot FLAT chain 

****************************************************************************************************

 Plotting full_correlation plot with GetDist

 Ignore the no burn in error warning from getdist
 since burn in has been already removed from the chains
Removed no burn in


****************************************************************************************************

 Plotting the chains... 

****************************************************************************************************

 Plotting the Gelman-Rubin traces... 

     Gelman-Rubin:     3     1.000863 RVdata_jitter_0 
     Gelman-Rubin:     4     1.000520 RVdata_offset_0 
     Gelman-Rubin:     0     0.999486 b_Tc 
     Gelman-Rubin:     1     1.000031 b_P 
     Gelman-Rubin:     2     1.000002 b_K 

****************************************************************************************************

 Plotting the common models corner plots
     Common model:  b
     Common model:  star_parameters

****************************************************************************************************

 Dataset + models corner plots 

     Dataset:  RVdata     model:  radial_velocities_b  corner plot  done 

****************************************************************************************************

 Saving the planet variable samplings to files (with plots)

****************************************************************************************************

 Saving all the variable samplings to files (with plots)

****************************************************************************************************

 Computing the models for plot/data writing 
 Writing the plots 
 Writing the   data files 
 Writing the  MAP_ data files 

****************************************************************************************************

