
PyORBIT v8.3

Python version in use:
3.8.8 (default, Apr 13 2021, 19:58:26) 
[GCC 7.3.0]

reloaded_optimize:  False
reloaded_pyde:  False
reloaded_emcee:  False

Opening:  RVdata
Adding common model of planet:  b
Using orbital model:  circular
Using orbital parametrization:  Eastman2013_Tcent
Using Central Time of Transit instead of phase
Inclination will be included as free parameter:  True


====================================================================================================
     Boundaries of the sampler variables     
====================================================================================================

----- dataset:  RVdata
jitter_0         3  ([  0.180000, 4000.000000])
offset_0         4  ([-14173.000000, 6106.000000])

----------  RVdata      ----- model:  radial_velocities_b

----- common model:  b
Tc               0  ([2458386.000000, 2458386.100000])
P                1  ([  2.400000,   2.440000])
K                2  ([ -6.643856,  12.036174])

----- common model:  star_parameters

Include priors:  True

Reference Time Tref:  5000.0

Dimensions =  5
Nwalkers =  20

Using threading pool for PyDE: True
PyDE running
Boundaries redefined after PyDE output
PyDE completed


====================================================================================================
     Starting point of the sample/optimization routines    
====================================================================================================

----- dataset:  RVdata
jitter_0         3     90.352576 ([  0.180000, 4000.000000])
offset_0         4  -4034.928621 ([-14173.000000, 6106.000000])

----------  RVdata      ----- model:  radial_velocities_b

----- common model:  b
Tc               0  2458386.099999 ([2458386.000000, 2458386.100000])
P                1      2.423844 ([  2.400000,   2.440000])
K                2      3.679291 ([ -6.643856,  12.036174])

----- common model:  star_parameters

====================================================================================================
     Starting point projected onto the physical space     
====================================================================================================

----- dataset:  RVdata
jitter_0             90.352576 
offset_0          -4034.928621 


----------  RVdata      ----- model:  radial_velocities_b

----- common model:  b
o                     1.570796 
Tc              2458386.099999 
e                 0.000000e+00 
P                     2.423844 
K                    12.810822 

----- common model:  star_parameters

====================================================================================================
     Derived parameters obtained from starting point     
====================================================================================================

----- common model:  b
Inclination randomized to 86.27 +- 0.43 deg
a                     7.741642 
i                    86.205398 
M                     0.000076 
M_Mj                  0.079494 
M_Me                 25.270740 
f                     0.820971 
a_AU_(M)              0.034183 
a_AU_(rho,R)          0.034182 


====================================================================================================
     Statistics on the log-likelihood     
====================================================================================================

 LN probability:  -292.207657 

====================================================================================================
     ------------------------------------------------------------------------------------------     
====================================================================================================



*************************************************************

Running emcee

emcee version:  3.1.1
Using threading pool for emcee: True


The chains are more than 50 times longer than the ACF, the estimate can be trusted

Computing the autocorrelation time of the chains
Reference thinning used in the analysis: 200
Step length used in the analysis: 1*nthin = 200

Convergence criteria: less than 1% variation in ACF after 50 times the integrated ACF
At least 50*ACF after convergence, 100*ACF would be ideal
Negative values: not converged yet

          sample variable      |    ACF   | ACF*nthin | converged at | nteps/ACF 
                               |          |           |              |           
          RVdata_jitter_0      |   0.993  |    198.7  |    10600     |    449.9   
          RVdata_offset_0      |   0.980  |    196.1  |    10800     |    454.9   
          b_Tc                 |   1.018  |    203.6  |    10200     |    441.0   
          b_P                  |   0.915  |    182.9  |     9400     |    495.3   
          b_K                  |   1.023  |    204.5  |    11000     |    435.2   

All the chains are longer than 100*ACF 
Suggested value for burnin:  11000


====================================================================================================
     Statistics on the posterior of the sampler variables     
====================================================================================================

----- dataset:  RVdata
jitter_0         3     99.366721     -17.380482     23.046921 (15-84 p) ([ 0.180000, 4000.000000])
offset_0         4  -4036.405538     -24.558022     24.819360 (15-84 p) ([-14173.000000, 6106.000000])

----------  RVdata      ----- model:  radial_velocities_b

----- common model:  b
Tc               0  2458386.099117      -0.001464      0.000661 (15-84 p) ([2458386.000000, 2458386.100000])
P                1      2.423844      -0.000000      0.000000 (15-84 p) ([ 2.400000,  2.440000])
K                2     -0.447117      -4.269764      4.265392 (15-84 p) ([-6.643856, 12.036174])

----- common model:  star_parameters

====================================================================================================
     Statistics on the physical parameters obtained from the posteriors samples     
====================================================================================================

----- dataset:  RVdata
jitter_0             99.366721        -17.380482        23.046921 (15-84 p)
offset_0          -4036.405538        -24.558022        24.819360 (15-84 p)


----------  RVdata      ----- model:  radial_velocities_b

----- common model:  b
o                     1.570796 
Tc              2458386.099117         -0.001464         0.000661 (15-84 p)
e                 0.000000e+00 
P                 2.423844e+00     -2.373375e-08     2.393722e-08 (15-84 p)
K                     0.733507         -0.695481        13.372864 (15-84 p)

----- common model:  star_parameters

====================================================================================================
     Statistics on the derived parameters obtained from the posteriors samples     
====================================================================================================

----- common model:  b
Inclination randomized to 86.27 +- 0.43 deg
Computing planetary mass under the approximation M_planet << M_star (threshold at 30.0 Me)
a                     8.042492         -0.171322         0.173516 (15-84 p)
i                    86.261892         -0.421799         0.426955 (15-84 p)
M                 4.485742e-06     -4.253213e-06     8.328102e-05 (15-84 p)
M_Mj                  0.004698         -0.004455         0.087224 (15-84 p)
M_Me                  1.493510         -1.416091        27.728085 (15-84 p)
f                     0.824500         -0.062218         0.062746 (15-84 p)
a_AU_(M)              0.034762         -0.000612         0.000587 (15-84 p)
a_AU_(rho,R)          0.034762         -0.000612         0.000586 (15-84 p)


====================================================================================================
     ------------------------------------------------------------------------------------------     
====================================================================================================



emcee completed

