
PyORBIT v8.3

Python version in use:
3.8.8 (default, Apr 13 2021, 19:58:26) 
[GCC 7.3.0]

reloaded_optimize:  False
reloaded_pyde:  False
reloaded_emcee:  False

Opening:  LCdata
Adding common model of planet:  b
Using orbital model:  circular
Using orbital parametrization:  Eastman2013_Tcent
Using Central Time of Transit instead of phase

Using limb darkening coefficient parametrization:  Kipping
  LC model: lc_model_b is using limb_darkening LD parameters
Model type: normalization

====================================================================================================
     Boundaries of the sampler variables     
====================================================================================================

----- dataset:  LCdata
jitter_0        10  ([  0.000056,   0.563400])

----------  LCdata      ----- model:  polynomial_trend

----------  LCdata      ----- model:  lc_model_b

----- common model:  b
b                0  ([  0.000000,   2.000000])
P                1  ([  2.182923,   2.668017])
Tc               2  ([2459174.262000, 2459174.372000])
R                3  ([  0.000010,   0.500000])

----- common model:  star_parameters
rho              6  ([  0.000000,   5.000000])

----- common model:  limb_darkening
ld_q1            4  ([  0.000000,   1.000000])
ld_q2            5  ([  0.000000,   1.000000])

----- common model:  polynomial_trend
poly_c1          7  ([-100000.000000, 1000000.000000])
poly_c0          8  ([-100000.000000, 1000000.000000])
poly_c2          9  ([-1000000.000000, 1000000.000000])

Include priors:  True

Reference Time Tref:  5000.0

Dimensions =  11
Nwalkers =  88

Using threading pool for PyDE: True
PyDE running
Boundaries redefined after PyDE output
PyDE completed


====================================================================================================
     Starting point of the sample/optimization routines    
====================================================================================================

----- dataset:  LCdata
jitter_0        10      0.003224 ([  0.000056,   0.563400])

----------  LCdata      ----- model:  polynomial_trend

----------  LCdata      ----- model:  lc_model_b

----- common model:  b
b                0      0.607151 ([  0.000000,   2.000000])
P                1      2.551791 ([  2.182923,   2.668017])
Tc               2  2459174.317651 ([2459174.262000, 2459174.372000])
R                3      0.128570 ([  0.000010,   0.500000])

----- common model:  star_parameters
rho              6      1.150028 ([  0.000000,   5.000000])

----- common model:  limb_darkening
ld_q1            4      0.358421 ([  0.000000,   1.000000])
ld_q2            5      0.301169 ([  0.000000,   1.000000])

----- common model:  polynomial_trend
poly_c1          7     -0.001836 ([-100000.000000, 1000000.000000])
poly_c0          8      1.053664 ([-100000.000000, 1000000.000000])
poly_c2          9     -0.410524 ([-1000000.000000, 1000000.000000])

====================================================================================================
     Starting point projected onto the physical space     
====================================================================================================

----- dataset:  LCdata
jitter_0              0.003224 


----------  LCdata      ----- model:  polynomial_trend

----------  LCdata      ----- model:  lc_model_b

----- common model:  b
b                     0.607151 
o                     1.570796 
P                     2.551791 
Tc              2459174.317651 
R                     0.128570 
e                 0.000000e+00 

----- common model:  star_parameters
rho                   1.150028 

----- common model:  limb_darkening
ld_c1                 0.360610 
ld_c2                 0.238073 

----- common model:  polynomial_trend
poly_c1              -0.001836 
poly_c0               1.053664 
poly_c2              -0.410524 
x_zero          2459174.322067 

====================================================================================================
     Derived parameters obtained from starting point     
====================================================================================================

----- common model:  b
a                     8.229666 
i                    85.769112 
f                     1.928094 
R_Rj                  1.108727 
R_Re                 12.427628 
T_41                  0.094365 
T_32                  0.061926 
a_AU_(rho,R)          0.033916 


====================================================================================================
     Statistics on the log-likelihood     
====================================================================================================

 LN probability:  3159.917799 

====================================================================================================
     ------------------------------------------------------------------------------------------     
====================================================================================================



*************************************************************

Running emcee

emcee version:  3.1.1
Using threading pool for emcee: True


The chains are more than 50 times longer than the ACF, the estimate can be trusted

Computing the autocorrelation time of the chains
Reference thinning used in the analysis: 200
Step length used in the analysis: 1*nthin = 200

Convergence criteria: less than 1% variation in ACF after 50 times the integrated ACF
At least 50*ACF after convergence, 100*ACF would be ideal
Negative values: not converged yet

          sample variable      |    ACF   | ACF*nthin | converged at | nteps/ACF 
                               |          |           |              |           
          LCdata_jitter_0      |   1.198  |    239.6  |    12600     |    364.8   
          b_b                  |   1.190  |    238.1  |    12000     |    369.6   
          b_P                  |   1.180  |    236.0  |    12000     |    372.9   
          b_Tc                 |   1.196  |    239.2  |    12000     |    367.9   
          b_R                  |   1.189  |    237.8  |    12200     |    369.2   
          star_parameters_rho  |   1.137  |    227.3  |    11400     |    389.8   
          limb_darkening_ld_q1 |   1.169  |    233.8  |    11800     |    377.3   
          limb_darkening_ld_q2 |   1.163  |    232.7  |    11800     |    379.1   
          polynomial_trend_poly_c1 |   1.186  |    237.2  |    12000     |    370.9   
          polynomial_trend_poly_c0 |   1.179  |    235.8  |    11800     |    374.1   
          polynomial_trend_poly_c2 |   1.178  |    235.6  |    11800     |    374.4   

All the chains are longer than 100*ACF 
Suggested value for burnin:  12600


====================================================================================================
     Statistics on the posterior of the sampler variables     
====================================================================================================

----- dataset:  LCdata
jitter_0        10      0.003264      -0.000317      0.000309 (15-84 p) ([ 0.000056,  0.563400])

----------  LCdata      ----- model:  polynomial_trend

----------  LCdata      ----- model:  lc_model_b

----- common model:  b
b                0      0.586497      -0.051391      0.041640 (15-84 p) ([ 0.000000,  2.000000])
P                1      2.468296      -0.159518      0.131595 (15-84 p) ([ 2.182923,  2.668017])
Tc               2  2459174.317617      -0.000566      0.000569 (15-84 p) ([2459174.262000, 2459174.372000])
R                3      0.127410      -0.003735      0.003727 (15-84 p) ([ 0.000010,  0.500000])

----- common model:  star_parameters
rho              6      1.157327      -0.088385      0.089889 (15-84 p) ([ 0.000000,  5.000000])

----- common model:  limb_darkening
ld_q1            4      0.390002      -0.139220      0.174786 (15-84 p) ([ 0.000000,  1.000000])
ld_q2            5      0.299919      -0.055817      0.061087 (15-84 p) ([ 0.000000,  1.000000])

----- common model:  polynomial_trend
poly_c1          7     -0.001913      -0.004866      0.004829 (15-84 p) ([-100000.000000, 1000000.000000])
poly_c0          8      1.053622      -0.000976      0.000996 (15-84 p) ([-100000.000000, 1000000.000000])
poly_c2          9     -0.400308      -0.211530      0.205503 (15-84 p) ([-1000000.000000, 1000000.000000])

====================================================================================================
     Statistics on the physical parameters obtained from the posteriors samples     
====================================================================================================

----- dataset:  LCdata
jitter_0              0.003264         -0.000317         0.000309 (15-84 p)


----------  LCdata      ----- model:  polynomial_trend

----------  LCdata      ----- model:  lc_model_b

----- common model:  b
b                     0.586497         -0.051391         0.041640 (15-84 p)
o                     1.570796 
P                     2.468296         -0.159518         0.131595 (15-84 p)
Tc              2459174.317617         -0.000566         0.000569 (15-84 p)
R                     0.127410         -0.003735         0.003727 (15-84 p)
e                 0.000000e+00 

----- common model:  star_parameters
rho                   1.157327         -0.088385         0.089889 (15-84 p)

----- common model:  limb_darkening
ld_c1                 0.375667         -0.092027         0.090806 (15-84 p)
ld_c2                 0.250178         -0.096629         0.096800 (15-84 p)

----- common model:  polynomial_trend
poly_c1              -0.001913         -0.004866         0.004829 (15-84 p)
poly_c0               1.053622         -0.000976         0.000996 (15-84 p)
poly_c2              -0.400308         -0.211530         0.205503 (15-84 p)
x_zero          2459174.322067 

====================================================================================================
     Statistics on the derived parameters obtained from the posteriors samples     
====================================================================================================

----- common model:  b
a                     8.050042         -0.388041         0.351929 (15-84 p)
i                    85.832702         -0.380189         0.396361 (15-84 p)
f                     3.143131         -2.144949         2.155421 (15-84 p)
R_Rj                  1.151979         -0.037537         0.036542 (15-84 p)
R_Re                 12.912440         -0.420749         0.409593 (15-84 p)
T_41                  0.094250         -0.001853         0.001962 (15-84 p)
T_32                  0.063068         -0.002829         0.003052 (15-84 p)
a_AU_(rho,R)          0.034772         -0.001729         0.001601 (15-84 p)


====================================================================================================
     ------------------------------------------------------------------------------------------     
====================================================================================================



emcee completed

