
PyORBIT v8.3

Python version in use:
3.8.8 (default, Apr 13 2021, 19:58:26) 
[GCC 7.3.0]

emcee version:  3.1.1

 Reference Time Tref: 5000.0

 Dimensions = 11
 Nwalkers = 88

 Steps: 100000

The chains are more than 50 times longer than the ACF, the estimate can be trusted

Computing the autocorrelation time of the chains
Reference thinning used in the analysis: 200
Step length used in the analysis: 1*nthin = 200

Convergence criteria: less than 1% variation in ACF after 50 times the integrated ACF
At least 50*ACF after convergence, 100*ACF would be ideal
Negative values: not converged yet

          sample variable      |    ACF   | ACF*nthin | converged at | nteps/ACF 
                               |          |           |              |           
          LCdata_jitter_0      |   1.198  |    239.6  |    12600     |    364.8   
          b_b                  |   1.190  |    238.1  |    12000     |    369.6   
          b_P                  |   1.180  |    236.0  |    12000     |    372.9   
          b_Tc                 |   1.196  |    239.2  |    12000     |    367.9   
          b_R                  |   1.189  |    237.8  |    12200     |    369.2   
          star_parameters_rho  |   1.137  |    227.3  |    11400     |    389.8   
          limb_darkening_ld_q1 |   1.169  |    233.8  |    11800     |    377.3   
          limb_darkening_ld_q2 |   1.163  |    232.7  |    11800     |    379.1   
          polynomial_trend_poly_c1 |   1.186  |    237.2  |    12000     |    370.9   
          polynomial_trend_poly_c0 |   1.179  |    235.8  |    11800     |    374.1   
          polynomial_trend_poly_c2 |   1.178  |    235.6  |    11800     |    374.4   

All the chains are longer than 100*ACF 
Suggested value for burnin:  12600


 LN posterior:  3154.964544      -2.525602     1.872523 (15-84 p) 

 Median log_priors     = -34.902907045620324
 Median log_likelihood = 3194.711465203505
 Median BIC  (using likelihood) = -6314.806353200367
 Median AIC  (using likelihood) = -6367.42293040701
 Median AICc (using likelihood) = -6367.119830521821

 Median BIC  (using posterior)  = -6245.000539109126
 Median AIC  (using posterior)  = -6297.61711631577
 Median AICc (using posterior)  = -6297.3140164305805

 MAP log_priors     = -35.31070751868753
 MAP log_likelihood = 3194.8294215583073
 MAP BIC  (using likelihood) = -6315.042265909971
 MAP AIC  (using likelihood) = -6367.658843116615
 MAP AICc (using likelihood) = -6367.355743231426

 MAP BIC  (using posterior)  = -6244.420850872596
 MAP AIC  (using posterior)  = -6297.037428079239
 MAP AICc (using posterior)  = -6296.73432819405

 AIC suggested over AICs because NDATA (   883.000000 ) > 40 * NDIM (    11.000000 )

****************************************************************************************************
****************************************************************************************************

 Confidence intervals (median value, 34.135th percentile from the median on the left and right side)

====================================================================================================
     Statistics on the posterior of the sampler variables     
====================================================================================================

----- dataset:  LCdata
jitter_0        10      0.003264      -0.000317      0.000309 (15-84 p) ([ 0.000056,  0.563400])

----------  LCdata      ----- model:  polynomial_trend

----------  LCdata      ----- model:  lc_model_b

----- common model:  b
b                0      0.586497      -0.051391      0.041640 (15-84 p) ([ 0.000000,  2.000000])
P                1      2.468296      -0.159518      0.131595 (15-84 p) ([ 2.182923,  2.668017])
Tc               2  2459174.317617      -0.000566      0.000569 (15-84 p) ([2459174.262000, 2459174.372000])
R                3      0.127410      -0.003735      0.003727 (15-84 p) ([ 0.000010,  0.500000])

----- common model:  star_parameters
rho              6      1.157327      -0.088385      0.089889 (15-84 p) ([ 0.000000,  5.000000])

----- common model:  limb_darkening
ld_q1            4      0.390002      -0.139220      0.174786 (15-84 p) ([ 0.000000,  1.000000])
ld_q2            5      0.299919      -0.055817      0.061087 (15-84 p) ([ 0.000000,  1.000000])

----- common model:  polynomial_trend
poly_c1          7     -0.001913      -0.004866      0.004829 (15-84 p) ([-100000.000000, 1000000.000000])
poly_c0          8      1.053622      -0.000976      0.000996 (15-84 p) ([-100000.000000, 1000000.000000])
poly_c2          9     -0.400308      -0.211530      0.205503 (15-84 p) ([-1000000.000000, 1000000.000000])

====================================================================================================
     Statistics on the physical parameters obtained from the posteriors samples     
====================================================================================================

----- dataset:  LCdata
jitter_0              0.003264         -0.000317         0.000309 (15-84 p)


----------  LCdata      ----- model:  polynomial_trend

----------  LCdata      ----- model:  lc_model_b

----- common model:  b
b                     0.586497         -0.051391         0.041640 (15-84 p)
o                     1.570796 
P                     2.468296         -0.159518         0.131595 (15-84 p)
Tc              2459174.317617         -0.000566         0.000569 (15-84 p)
R                     0.127410         -0.003735         0.003727 (15-84 p)
e                 0.000000e+00 

----- common model:  star_parameters
rho                   1.157327         -0.088385         0.089889 (15-84 p)

----- common model:  limb_darkening
ld_c1                 0.375667         -0.092027         0.090806 (15-84 p)
ld_c2                 0.250178         -0.096629         0.096800 (15-84 p)

----- common model:  polynomial_trend
poly_c1              -0.001913         -0.004866         0.004829 (15-84 p)
poly_c0               1.053622         -0.000976         0.000996 (15-84 p)
poly_c2              -0.400308         -0.211530         0.205503 (15-84 p)
x_zero          2459174.322067 

====================================================================================================
     Statistics on the derived parameters obtained from the posteriors samples     
====================================================================================================

----- common model:  b
a                     8.050042         -0.388041         0.351929 (15-84 p)
i                    85.832702         -0.380189         0.396361 (15-84 p)
f                     3.143131         -2.144949         2.155421 (15-84 p)
R_Rj                  1.151609         -0.037235         0.036961 (15-84 p)
R_Re                 12.908286         -0.417363         0.414292 (15-84 p)
T_41                  0.094250         -0.001853         0.001962 (15-84 p)
T_32                  0.063068         -0.002829         0.003052 (15-84 p)
a_AU_(rho,R)          0.034755         -0.001704         0.001607 (15-84 p)


====================================================================================================
     ------------------------------------------------------------------------------------------     
====================================================================================================



****************************************************************************************************

 Parameters corresponding to the Maximum a Posteriori probability ( 3159.5187140396197 )


====================================================================================================
     Statistics on the posterior of the sampler variables     
====================================================================================================

----- dataset:  LCdata
jitter_0        10      0.003227 ([  0.000056,   0.563400])

----------  LCdata      ----- model:  polynomial_trend

----------  LCdata      ----- model:  lc_model_b

----- common model:  b
b                0      0.614772 ([  0.000000,   2.000000])
P                1      2.485131 ([  2.182923,   2.668017])
Tc               2  2459174.317715 ([2459174.262000, 2459174.372000])
R                3      0.127534 ([  0.000010,   0.500000])

----- common model:  star_parameters
rho              6      1.105835 ([  0.000000,   5.000000])

----- common model:  limb_darkening
ld_q1            4      0.334987 ([  0.000000,   1.000000])
ld_q2            5      0.307431 ([  0.000000,   1.000000])

----- common model:  polynomial_trend
poly_c1          7      0.000630 ([-100000.000000, 1000000.000000])
poly_c0          8      1.053303 ([-100000.000000, 1000000.000000])
poly_c2          9     -0.321754 ([-1000000.000000, 1000000.000000])

====================================================================================================
     Statistics on the physical parameters obtained from the posteriors samples     
====================================================================================================

----- dataset:  LCdata
jitter_0              0.003227 


----------  LCdata      ----- model:  polynomial_trend

----------  LCdata      ----- model:  lc_model_b

----- common model:  b
b                     0.614772 
o                     1.570796 
P                     2.485131 
Tc              2459174.317715 
R                     0.127534 
e                 0.000000e+00 

----- common model:  star_parameters
rho                   1.105835 

----- common model:  limb_darkening
ld_c1                 0.355871 
ld_c2                 0.222910 

----- common model:  polynomial_trend
poly_c1               0.000630 
poly_c0               1.053303 
poly_c2              -0.321754 
x_zero          2459174.322067 

====================================================================================================
     Statistics on the derived parameters obtained from the posteriors samples     
====================================================================================================

----- common model:  b
a                     7.980788 
i                    85.582044 
f                     0.704040 
R_Rj                  1.171892 
R_Re                 13.135639 
T_41                  0.094187 
T_32                  0.061607 
a_AU_(rho,R)          0.035046 


====================================================================================================
     ------------------------------------------------------------------------------------------     
====================================================================================================



****************************************************************************************************

Note: priors on stellar mass and radius provided independently from the measured density, no check for consistency is performed

 Plot FLAT chain 

****************************************************************************************************

 Plotting full_correlation plot with GetDist

 Ignore the no burn in error warning from getdist
 since burn in has been already removed from the chains
Removed no burn in


****************************************************************************************************

 Plotting the chains... 

****************************************************************************************************

 Plotting the Gelman-Rubin traces... 

     Gelman-Rubin:    10     1.000155 LCdata_jitter_0 
     Gelman-Rubin:     0     1.000353 b_b 
     Gelman-Rubin:     1     1.000166 b_P 
     Gelman-Rubin:     2     1.000153 b_Tc 
     Gelman-Rubin:     3     1.000174 b_R 
     Gelman-Rubin:     6     1.000390 star_parameters_rho 
     Gelman-Rubin:     4     1.000307 limb_darkening_ld_q1 
     Gelman-Rubin:     5     1.000052 limb_darkening_ld_q2 
     Gelman-Rubin:     7     1.000126 polynomial_trend_poly_c1 
     Gelman-Rubin:     8     1.000059 polynomial_trend_poly_c0 
     Gelman-Rubin:     9     1.000034 polynomial_trend_poly_c2 

****************************************************************************************************

 Plotting the common models corner plots
     Common model:  b
     Common model:  star_parameters
     Common model:  limb_darkening
     Common model:  polynomial_trend

****************************************************************************************************

 Dataset + models corner plots 

     Dataset:  LCdata     model:  polynomial_trend  corner plot  done 
     Dataset:  LCdata     model:  lc_model_b  corner plot  done 

****************************************************************************************************

 Saving the planet variable samplings to files (with plots)

****************************************************************************************************

 Saving all the variable samplings to files (with plots)

****************************************************************************************************

 Computing the models for plot/data writing 
 Writing the plots 
 Writing the   data files 
 Writing the  MAP_ data files 

****************************************************************************************************

