
PyORBIT v8.3

Python version in use:
3.8.8 (default, Apr 13 2021, 19:58:26) 
[GCC 7.3.0]

emcee version:  3.1.1

 Reference Time Tref: 5000.0

 Dimensions = 5
 Nwalkers = 20

 Steps: 100000

The chains are more than 50 times longer than the ACF, the estimate can be trusted
Error in computing max integrated ACF, skipped 


 LN posterior:          nan            nan          nan (15-84 p) 

 Median log_priors     = -inf
 Median log_likelihood = -inf
 Median BIC  (using likelihood) = inf
 Median AIC  (using likelihood) = inf
 Median AICc (using likelihood) = inf

 Median BIC  (using posterior)  = inf
 Median AIC  (using posterior)  = inf
 Median AICc (using posterior)  = inf

 MAP log_priors     = -inf
 MAP log_likelihood = -inf
 MAP BIC  (using likelihood) = inf
 MAP AIC  (using likelihood) = inf
 MAP AICc (using likelihood) = inf

 MAP BIC  (using posterior)  = inf
 MAP AIC  (using posterior)  = inf
 MAP AICc (using posterior)  = inf

 AICc suggested over AIC because NDATA (    17.000000 ) < 40 * NDIM (     5.000000 )

****************************************************************************************************
****************************************************************************************************

 Confidence intervals (median value, 34.135th percentile from the median on the left and right side)

====================================================================================================
     Statistics on the posterior of the sampler variables     
====================================================================================================

----- dataset:  RVdata
offset_0         3  -3037.551440   -5510.571186   7069.239103 (15-84 p) ([-14173.000000, 6106.000000])
jitter_0         4   1891.713366   -1522.861958   1421.713780 (15-84 p) ([ 0.180000, 4000.000000])

----------  RVdata      ----- model:  radial_velocities_b

----- common model:  b
P                0      2.418061      -0.011177      0.015703 (15-84 p) ([ 2.400000,  2.440000])
K                1      6.409729      -7.621001      2.519988 (15-84 p) ([-6.643856, 12.036174])
Tc               2  2458386.051720      -0.039953      0.028493 (15-84 p) ([2458386.000000, 2458386.100000])

----- common model:  star_parameters

====================================================================================================
     Statistics on the physical parameters obtained from the posteriors samples     
====================================================================================================

----- dataset:  RVdata
offset_0          -3037.551440      -5510.571186      7069.239103 (15-84 p)
jitter_0           1891.713366      -1522.861958      1421.713780 (15-84 p)


----------  RVdata      ----- model:  radial_velocities_b

----- common model:  b
P                     2.418061         -0.011177         0.015703 (15-84 p)
o                     1.570796 
K                    86.243309        -85.811421       401.411875 (15-84 p)
e                 0.000000e+00 
Tc              2458386.051720         -0.039953         0.028493 (15-84 p)

----- common model:  star_parameters

====================================================================================================
     Statistics on the derived parameters obtained from the posteriors samples     
====================================================================================================

----- common model:  b
Inclination randomized to 86.27 +- 0.42 deg
Computing exact mass of the planet (average approximate mass larger than 30.0 Me)
a                     8.032550         -0.172559         0.172077 (15-84 p)
i                    86.273051         -0.434939         0.425849 (15-84 p)
M                     0.000515         -0.000512         0.002468 (15-84 p)
M_Mj                  0.539140         -0.536478         2.584787 (15-84 p)
M_Me                171.389331       -170.543214       821.688705 (15-84 p)
f                     3.574316         -1.205451         1.903878 (15-84 p)
a_AU_(M)              0.034738         -0.000627         0.000595 (15-84 p)
a_AU_(rho,R)          0.034711         -0.000622         0.000594 (15-84 p)


====================================================================================================
     ------------------------------------------------------------------------------------------     
====================================================================================================



****************************************************************************************************

 Parameters corresponding to the Maximum a Posteriori probability ( -inf )


====================================================================================================
     Statistics on the posterior of the sampler variables     
====================================================================================================

----- dataset:  RVdata
offset_0         3  -7128.356790 ([-14173.000000, 6106.000000])
jitter_0         4   2392.841250 ([  0.180000, 4000.000000])

----------  RVdata      ----- model:  radial_velocities_b

----- common model:  b
P                0      2.435890 ([  2.400000,   2.440000])
K                1     -5.646839 ([ -6.643856,  12.036174])
Tc               2  2458386.074569 ([2458386.000000, 2458386.100000])

----- common model:  star_parameters

====================================================================================================
     Statistics on the physical parameters obtained from the posteriors samples     
====================================================================================================

----- dataset:  RVdata
offset_0          -7128.356790 
jitter_0           2392.841250 


----------  RVdata      ----- model:  radial_velocities_b

----- common model:  b
P                     2.435890 
o                     1.570796 
K                     0.019959 
e                 0.000000e+00 
Tc              2458386.074569 

----- common model:  star_parameters

====================================================================================================
     Statistics on the derived parameters obtained from the posteriors samples     
====================================================================================================

----- common model:  b
Inclination randomized to 86.27 +- 0.42 deg
a                     8.218099 
i                    86.976891 
M                 1.299260e-07 
M_Mj                  0.000136 
M_Me                  0.043258 
f                     3.760669 
a_AU_(M)              0.035934 
a_AU_(rho,R)          0.035934 


====================================================================================================
     ------------------------------------------------------------------------------------------     
====================================================================================================



****************************************************************************************************

Note: stellar density derived from its mass and radius

 Plot FLAT chain 

****************************************************************************************************

 Plotting full_correlation plot with GetDist

 Ignore the no burn in error warning from getdist
 since burn in has been already removed from the chains
Removed no burn in


****************************************************************************************************

 Plotting the chains... 

****************************************************************************************************

 Plotting the Gelman-Rubin traces... 

     Gelman-Rubin:     3 5354107583369559.000000 RVdata_offset_0 
     Gelman-Rubin:     4 2694817389320948.000000 RVdata_jitter_0 
     Gelman-Rubin:     0 37707525716691.359375 b_P 
     Gelman-Rubin:     1 4691791188444648.000000 b_K 
     Gelman-Rubin:     2 85775894.962715 b_Tc 

****************************************************************************************************

 Plotting the common models corner plots
     Common model:  b
     Common model:  star_parameters

****************************************************************************************************

 Dataset + models corner plots 

     Dataset:  RVdata     model:  radial_velocities_b  corner plot  done 

****************************************************************************************************

 Saving the planet variable samplings to files (with plots)

****************************************************************************************************

 Saving all the variable samplings to files (with plots)

****************************************************************************************************

 Computing the models for plot/data writing 
 Writing the plots 
 Writing the   data files 
 Writing the  MAP_ data files 

****************************************************************************************************

