
PyORBIT v8.3

Python version in use:
3.8.8 (default, Apr 13 2021, 19:58:26) 
[GCC 7.3.0]

reloaded_optimize:  False
reloaded_pyde:  False
reloaded_emcee:  False

Opening:  RVdata
Adding common model of planet:  b
Using orbital model:  circular
Using orbital parametrization:  Eastman2013_Tcent
Using Central Time of Transit instead of phase
Inclination will be included as free parameter:  True


====================================================================================================
     Boundaries of the sampler variables     
====================================================================================================

----- dataset:  RVdata
jitter_0         3  ([  0.180000, 4000.000000])
offset_0         4  ([-14173.000000, 6106.000000])

----------  RVdata      ----- model:  radial_velocities_b

----- common model:  b
P                0  ([  2.400000,   2.440000])
K                1  ([ -6.643856,  12.036174])
Tc               2  ([2458386.000000, 2458386.100000])

----- common model:  star_parameters

Include priors:  True

Reference Time Tref:  2450000.0

Dimensions =  5
Nwalkers =  20

Using threading pool for PyDE: True
PyDE running
Boundaries redefined after PyDE output
PyDE completed


====================================================================================================
     Starting point of the sample/optimization routines    
====================================================================================================

----- dataset:  RVdata
jitter_0         3     17.626015 ([  0.180000, 4000.000000])
offset_0         4  -4036.215093 ([-14173.000000, 6106.000000])

----------  RVdata      ----- model:  radial_velocities_b

----- common model:  b
P                0      2.423481 ([  2.400000,   2.440000])
K                1      7.141928 ([ -6.643856,  12.036174])
Tc               2  2458386.100000 ([2458386.000000, 2458386.100000])

----- common model:  star_parameters

====================================================================================================
     Starting point projected onto the physical space     
====================================================================================================

----- dataset:  RVdata
jitter_0             17.626015 
offset_0          -4036.215093 


----------  RVdata      ----- model:  radial_velocities_b

----- common model:  b
P                     2.423481 
K                   141.232435 
e                 0.000000e+00 
Tc              2458386.100000 
o                     1.570796 

----- common model:  star_parameters

====================================================================================================
     Derived parameters obtained from starting point     
====================================================================================================

----- common model:  b
Inclination randomized to 86.27 +- 0.43 deg
a                     7.969273 
i                    85.258734 
M                     0.000874 
M_Mj                  0.915767 
M_Me                291.116850 
f                     5.632853 
a_AU_(M)              0.034918 
a_AU_(rho,R)          0.034908 


====================================================================================================
     Statistics on the log-likelihood     
====================================================================================================

 LN probability: -220048.134513 

====================================================================================================
     ------------------------------------------------------------------------------------------     
====================================================================================================



*************************************************************

Running emcee

emcee version:  3.1.1
Using threading pool for emcee: True


The chains are more than 50 times longer than the ACF, the estimate can be trusted

Computing the autocorrelation time of the chains
Reference thinning used in the analysis: 200
Step length used in the analysis: 1*nthin = 200

Convergence criteria: less than 1% variation in ACF after 50 times the integrated ACF
At least 50*ACF after convergence, 100*ACF would be ideal
Negative values: not converged yet

          sample variable      |    ACF   | ACF*nthin | converged at | nteps/ACF 
                               |          |           |              |           
          RVdata_jitter_0      |   1.044  |    208.9  |    11200     |    425.1   
          RVdata_offset_0      |   0.944  |    188.8  |    10400     |    474.5   
          b_P                  |   1.030  |    206.0  |    11600     |    429.1   
          b_K                  |   0.986  |    197.3  |    10000     |    456.3   
          b_Tc                 |   1.114  |    222.9  |    11400     |    397.5   

All the chains are longer than 100*ACF 
Suggested value for burnin:  11600


====================================================================================================
     Statistics on the posterior of the sampler variables     
====================================================================================================

----- dataset:  RVdata
jitter_0         3      8.561199      -5.893843      9.177261 (15-84 p) ([ 0.180000, 4000.000000])
offset_0         4  -4043.146985      -7.145036      7.170064 (15-84 p) ([-14173.000000, 6106.000000])

----------  RVdata      ----- model:  radial_velocities_b

----- common model:  b
P                0      2.423421      -0.000021      0.000022 (15-84 p) ([ 2.400000,  2.440000])
K                1      7.111731      -0.112546      0.104832 (15-84 p) ([-6.643856, 12.036174])
Tc               2  2458386.099999      -0.000001      0.000001 (15-84 p) ([2458386.000000, 2458386.100000])

----- common model:  star_parameters

====================================================================================================
     Statistics on the physical parameters obtained from the posteriors samples     
====================================================================================================

----- dataset:  RVdata
jitter_0              8.561199         -5.893843         9.177261 (15-84 p)
offset_0          -4043.146985         -7.145036         7.170064 (15-84 p)


----------  RVdata      ----- model:  radial_velocities_b

----- common model:  b
P                     2.423421         -0.000021         0.000022 (15-84 p)
K                   138.307081        -10.379386        10.424041 (15-84 p)
e                 0.000000e+00 
Tc                2.458386e+06     -1.234934e-06     5.862676e-07 (15-84 p)
o                     1.570796 

----- common model:  star_parameters

====================================================================================================
     Statistics on the derived parameters obtained from the posteriors samples     
====================================================================================================

----- common model:  b
Inclination randomized to 86.27 +- 0.43 deg
Computing exact mass of the planet (average approximate mass larger than 30.0 Me)
a                     8.039916         -0.173315         0.169411 (15-84 p)
i                    86.267443         -0.435312         0.437513 (15-84 p)
M                     0.000845         -0.000069         0.000072 (15-84 p)
M_Mj                  0.885345         -0.072111         0.074979 (15-84 p)
M_Me                281.446058        -22.923540        23.835240 (15-84 p)
f                     5.093073         -0.192104         0.194957 (15-84 p)
a_AU_(M)              0.034750         -0.000620         0.000586 (15-84 p)
a_AU_(rho,R)          0.034740         -0.000621         0.000585 (15-84 p)


====================================================================================================
     ------------------------------------------------------------------------------------------     
====================================================================================================



emcee completed

