
PyORBIT v8.3

Python version in use:
3.8.8 (default, Apr 13 2021, 19:58:26) 
[GCC 7.3.0]

emcee version:  3.1.1

 Reference Time Tref: 2450000.0

 Dimensions = 5
 Nwalkers = 20

 Steps: 100000

The chains are more than 50 times longer than the ACF, the estimate can be trusted

Computing the autocorrelation time of the chains
Reference thinning used in the analysis: 200
Step length used in the analysis: 1*nthin = 200

Convergence criteria: less than 1% variation in ACF after 50 times the integrated ACF
At least 50*ACF after convergence, 100*ACF would be ideal
Negative values: not converged yet

          sample variable      |    ACF   | ACF*nthin | converged at | nteps/ACF 
                               |          |           |              |           
          RVdata_jitter_0      |   1.044  |    208.9  |    11200     |    425.1   
          RVdata_offset_0      |   0.944  |    188.8  |    10400     |    474.5   
          b_P                  |   1.030  |    206.0  |    11600     |    429.1   
          b_K                  |   0.986  |    197.3  |    10000     |    456.3   
          b_Tc                 |   1.114  |    222.9  |    11400     |    397.5   

All the chains are longer than 100*ACF 
Suggested value for burnin:  11600


 LN posterior: -220046.351643      -2.157752     1.449979 (15-84 p) 

 Median log_priors     = -219967.3545409406
 Median log_likelihood = -77.11658042872334
 Median BIC  (using likelihood) = 168.39922757772774
 Median AIC  (using likelihood) = 164.23316085744668
 Median AICc (using likelihood) = 169.68770631199214

 Median BIC  (using posterior)  = 440103.10830945894
 Median AIC  (using posterior)  = 440098.9422427387
 Median AICc (using posterior)  = 440104.3967881932

 MAP log_priors     = -219966.7382656248
 MAP log_likelihood = -76.69284797420156
 MAP BIC  (using likelihood) = 167.5517626686842
 MAP AIC  (using likelihood) = 163.3856959484031
 MAP AICc (using likelihood) = 168.84024140294858

 MAP BIC  (using posterior)  = 440101.02829391824
 MAP AIC  (using posterior)  = 440096.86222719797
 MAP AICc (using posterior)  = 440102.3167726525

 AICc suggested over AIC because NDATA (    17.000000 ) < 40 * NDIM (     5.000000 )

****************************************************************************************************
****************************************************************************************************

 Confidence intervals (median value, 34.135th percentile from the median on the left and right side)

====================================================================================================
     Statistics on the posterior of the sampler variables     
====================================================================================================

----- dataset:  RVdata
jitter_0         3      8.561199      -5.893843      9.177261 (15-84 p) ([ 0.180000, 4000.000000])
offset_0         4  -4043.146985      -7.145036      7.170064 (15-84 p) ([-14173.000000, 6106.000000])

----------  RVdata      ----- model:  radial_velocities_b

----- common model:  b
P                0      2.423421      -0.000021      0.000022 (15-84 p) ([ 2.400000,  2.440000])
K                1      7.111731      -0.112546      0.104832 (15-84 p) ([-6.643856, 12.036174])
Tc               2  2458386.099999      -0.000001      0.000001 (15-84 p) ([2458386.000000, 2458386.100000])

----- common model:  star_parameters

====================================================================================================
     Statistics on the physical parameters obtained from the posteriors samples     
====================================================================================================

----- dataset:  RVdata
jitter_0              8.561199         -5.893843         9.177261 (15-84 p)
offset_0          -4043.146985         -7.145036         7.170064 (15-84 p)


----------  RVdata      ----- model:  radial_velocities_b

----- common model:  b
P                     2.423421         -0.000021         0.000022 (15-84 p)
K                   138.307081        -10.379386        10.424041 (15-84 p)
e                 0.000000e+00 
Tc                2.458386e+06     -1.234934e-06     5.862676e-07 (15-84 p)
o                     1.570796 

----- common model:  star_parameters

====================================================================================================
     Statistics on the derived parameters obtained from the posteriors samples     
====================================================================================================

----- common model:  b
Inclination randomized to 86.27 +- 0.43 deg
Computing exact mass of the planet (average approximate mass larger than 30.0 Me)
a                     8.040363         -0.171086         0.172010 (15-84 p)
i                    86.266350         -0.435099         0.426100 (15-84 p)
M                     0.000846         -0.000068         0.000071 (15-84 p)
M_Mj                  0.886208         -0.071173         0.074733 (15-84 p)
M_Me                281.720519        -22.625328        23.757319 (15-84 p)
f                     5.093073         -0.192104         0.194957 (15-84 p)
a_AU_(M)              0.034761         -0.000610         0.000578 (15-84 p)
a_AU_(rho,R)          0.034750         -0.000609         0.000579 (15-84 p)


====================================================================================================
     ------------------------------------------------------------------------------------------     
====================================================================================================



****************************************************************************************************

 Parameters corresponding to the Maximum a Posteriori probability ( -220043.43111359898 )


====================================================================================================
     Statistics on the posterior of the sampler variables     
====================================================================================================

----- dataset:  RVdata
jitter_0         3      2.259927 ([  0.180000, 4000.000000])
offset_0         4  -4043.787345 ([-14173.000000, 6106.000000])

----------  RVdata      ----- model:  radial_velocities_b

----- common model:  b
P                0      2.423418 ([  2.400000,   2.440000])
K                1      7.111276 ([ -6.643856,  12.036174])
Tc               2  2458386.100000 ([2458386.000000, 2458386.100000])

----- common model:  star_parameters

====================================================================================================
     Statistics on the physical parameters obtained from the posteriors samples     
====================================================================================================

----- dataset:  RVdata
jitter_0              2.259927 
offset_0          -4043.787345 


----------  RVdata      ----- model:  radial_velocities_b

----- common model:  b
P                     2.423418 
K                   138.263440 
e                 0.000000e+00 
Tc              2458386.100000 
o                     1.570796 

----- common model:  star_parameters

====================================================================================================
     Statistics on the derived parameters obtained from the posteriors samples     
====================================================================================================

----- common model:  b
Inclination randomized to 86.27 +- 0.43 deg
a                     8.120578 
i                    86.731892 
M                     0.000874 
M_Mj                  0.914957 
M_Me                290.859532 
f                     5.070722 
a_AU_(M)              0.035307 
a_AU_(rho,R)          0.035296 


====================================================================================================
     ------------------------------------------------------------------------------------------     
====================================================================================================



****************************************************************************************************

Note: stellar density derived from its mass and radius

 Plot FLAT chain 

****************************************************************************************************

 Plotting full_correlation plot with GetDist

 Ignore the no burn in error warning from getdist
 since burn in has been already removed from the chains
Removed no burn in


****************************************************************************************************

 Plotting the chains... 

****************************************************************************************************

 Plotting the Gelman-Rubin traces... 

     Gelman-Rubin:     3     0.999937 RVdata_jitter_0 
     Gelman-Rubin:     4     0.999692 RVdata_offset_0 
     Gelman-Rubin:     0     1.000163 b_P 
     Gelman-Rubin:     1     0.999661 b_K 
     Gelman-Rubin:     2     0.999990 b_Tc 

****************************************************************************************************

 Plotting the common models corner plots
     Common model:  b
     Common model:  star_parameters

****************************************************************************************************

 Dataset + models corner plots 

     Dataset:  RVdata     model:  radial_velocities_b  corner plot  done 

****************************************************************************************************

 Saving the planet variable samplings to files (with plots)

****************************************************************************************************

 Saving all the variable samplings to files (with plots)

****************************************************************************************************

 Computing the models for plot/data writing 
 Writing the plots 
 Writing the   data files 
 Writing the  MAP_ data files 

****************************************************************************************************

