
PyORBIT v8.3

Python version in use:
3.8.8 (default, Apr 13 2021, 19:58:26) 
[GCC 7.3.0]

emcee version:  3.1.1

 Reference Time Tref: 2450000.0

 Dimensions = 11
 Nwalkers = 88

 Steps: 100000

The chains are more than 50 times longer than the ACF, the estimate can be trusted

Computing the autocorrelation time of the chains
Reference thinning used in the analysis: 200
Step length used in the analysis: 1*nthin = 200

Convergence criteria: less than 1% variation in ACF after 50 times the integrated ACF
At least 50*ACF after convergence, 100*ACF would be ideal
Negative values: not converged yet

          sample variable      |    ACF   | ACF*nthin | converged at | nteps/ACF 
                               |          |           |              |           
          LCdata_jitter_0      |   1.052  |    210.5  |    10800     |    423.8   
          b_P                  |   1.079  |    215.8  |    10800     |    413.3   
          b_R                  |   1.045  |    209.1  |    10600     |    427.6   
          b_Tc                 |   1.103  |    220.5  |    11200     |    402.7   
          b_b                  |   1.147  |    229.4  |    11800     |    384.4   
          star_parameters_rho  |   1.133  |    226.6  |    11800     |    389.2   
          limb_darkening_ld_q1 |   1.051  |    210.2  |    11000     |    423.5   
          limb_darkening_ld_q2 |   1.134  |    226.9  |    11600     |    389.6   
          polynomial_trend_poly_c0 |   1.018  |    203.5  |    10600     |    439.2   
          polynomial_trend_poly_c1 |   1.083  |    216.7  |    11000     |    410.8   
          polynomial_trend_poly_c2 |   1.024  |    204.8  |    10400     |    437.4   

All the chains are longer than 100*ACF 
Suggested value for burnin:  11800


 LN posterior:  3145.029207      -2.591966     1.980454 (15-84 p) 

 Median log_priors     = -22.76563877714922
 Median log_likelihood = 3172.9838016057947
 Median BIC  (using likelihood) = -6271.351026004946
 Median AIC  (using likelihood) = -6323.967603211589
 Median AICc (using likelihood) = -6323.6645033264

 Median BIC  (using posterior)  = -6225.819748450647
 Median AIC  (using posterior)  = -6278.436325657291
 Median AICc (using posterior)  = -6278.1332257721015

 MAP log_priors     = -23.041883943677565
 MAP log_likelihood = 3173.0671614467874
 MAP BIC  (using likelihood) = -6271.517745686931
 MAP AIC  (using likelihood) = -6324.134322893575
 MAP AICc (using likelihood) = -6323.831223008386

 MAP BIC  (using posterior)  = -6225.4339777995765
 MAP AIC  (using posterior)  = -6278.05055500622
 MAP AICc (using posterior)  = -6277.747455121031

 AIC suggested over AICs because NDATA (   883.000000 ) > 40 * NDIM (    11.000000 )

****************************************************************************************************
****************************************************************************************************

 Confidence intervals (median value, 34.135th percentile from the median on the left and right side)

====================================================================================================
     Statistics on the posterior of the sampler variables     
====================================================================================================

----- dataset:  LCdata
jitter_0        10      0.003083      -0.000358      0.000338 (15-84 p) ([ 0.000059,  0.591600])

----------  LCdata      ----- model:  polynomial_trend

----------  LCdata      ----- model:  lc_model_b

----- common model:  b
P                0      2.423848      -0.000169      0.000168 (15-84 p) ([ 2.181464,  2.666234])
R                1      0.128321      -0.003543      0.003504 (15-84 p) ([ 0.000010,  0.500000])
Tc               2  2459174.317807      -0.000570      0.000570 (15-84 p) ([2459174.262000, 2459174.372000])
b                3      0.553111      -0.041506      0.037728 (15-84 p) ([ 0.000000,  2.000000])

----- common model:  star_parameters
rho              6      1.168030      -0.088897      0.091182 (15-84 p) ([ 0.000000,  5.000000])

----- common model:  limb_darkening
ld_q1            4      0.463944      -0.019525      0.019514 (15-84 p) ([ 0.000000,  1.000000])
ld_q2            5      0.375271      -0.004141      0.004073 (15-84 p) ([ 0.000000,  1.000000])

----- common model:  polynomial_trend
poly_c0          7      1.053791      -0.001016      0.001031 (15-84 p) ([-100000.000000, 1000000.000000])
poly_c1          8     -0.001943      -0.004951      0.004998 (15-84 p) ([-100000.000000, 1000000.000000])
poly_c2          9     -0.573800      -0.215060      0.214685 (15-84 p) ([-1000000.000000, 1000000.000000])

====================================================================================================
     Statistics on the physical parameters obtained from the posteriors samples     
====================================================================================================

----- dataset:  LCdata
jitter_0              0.003083         -0.000358         0.000338 (15-84 p)


----------  LCdata      ----- model:  polynomial_trend

----------  LCdata      ----- model:  lc_model_b

----- common model:  b
P                     2.423848         -0.000169         0.000168 (15-84 p)
R                     0.128321         -0.003543         0.003504 (15-84 p)
Tc              2459174.317807         -0.000570         0.000570 (15-84 p)
e                 0.000000e+00 
o                     1.570796 
b                     0.553111         -0.041506         0.037728 (15-84 p)

----- common model:  star_parameters
rho                   1.168030         -0.088897         0.091182 (15-84 p)

----- common model:  limb_darkening
ld_c1                 0.511179         -0.013118         0.012928 (15-84 p)
ld_c2                 0.169936         -0.006049         0.005986 (15-84 p)

----- common model:  polynomial_trend
poly_c0               1.053791         -0.001016         0.001031 (15-84 p)
poly_c1              -0.001943         -0.004951         0.004998 (15-84 p)
poly_c2              -0.573800         -0.215060         0.214685 (15-84 p)
x_zero          2459174.322067 

====================================================================================================
     Statistics on the derived parameters obtained from the posteriors samples     
====================================================================================================

----- common model:  b
a                     7.993533         -0.208196         0.202809 (15-84 p)
i                    86.029944         -0.367543         0.377372 (15-84 p)
f                     2.243785         -1.439716         2.760951 (15-84 p)
R_Rj                  1.159796         -0.035121         0.035893 (15-84 p)
R_Re                 13.000061         -0.393664         0.402326 (15-84 p)
T_41                  0.095441         -0.001578         0.001625 (15-84 p)
T_32                  0.065261         -0.002077         0.002015 (15-84 p)
a_AU_(rho,R)          0.034525         -0.001010         0.000989 (15-84 p)


====================================================================================================
     ------------------------------------------------------------------------------------------     
====================================================================================================



****************************************************************************************************

 Parameters corresponding to the Maximum a Posteriori probability ( 3150.02527750311 )


====================================================================================================
     Statistics on the posterior of the sampler variables     
====================================================================================================

----- dataset:  LCdata
jitter_0        10      0.003070 ([  0.000059,   0.591600])

----------  LCdata      ----- model:  polynomial_trend

----------  LCdata      ----- model:  lc_model_b

----- common model:  b
P                0      2.423877 ([  2.181464,   2.666234])
R                1      0.128787 ([  0.000010,   0.500000])
Tc               2  2459174.317765 ([2459174.262000, 2459174.372000])
b                3      0.568690 ([  0.000000,   2.000000])

----- common model:  star_parameters
rho              6      1.129278 ([  0.000000,   5.000000])

----- common model:  limb_darkening
ld_q1            4      0.470590 ([  0.000000,   1.000000])
ld_q2            5      0.376442 ([  0.000000,   1.000000])

----- common model:  polynomial_trend
poly_c0          7      1.053745 ([-100000.000000, 1000000.000000])
poly_c1          8     -0.001543 ([-100000.000000, 1000000.000000])
poly_c2          9     -0.577278 ([-1000000.000000, 1000000.000000])

====================================================================================================
     Statistics on the physical parameters obtained from the posteriors samples     
====================================================================================================

----- dataset:  LCdata
jitter_0              0.003070 


----------  LCdata      ----- model:  polynomial_trend

----------  LCdata      ----- model:  lc_model_b

----- common model:  b
P                     2.423877 
R                     0.128787 
Tc              2459174.317765 
e                 0.000000e+00 
o                     1.570796 
b                     0.568690 

----- common model:  star_parameters
rho                   1.129278 

----- common model:  limb_darkening
ld_c1                 0.516476 
ld_c2                 0.169520 

----- common model:  polynomial_trend
poly_c0               1.053745 
poly_c1              -0.001543 
poly_c2              -0.577278 
x_zero          2459174.322067 

====================================================================================================
     Statistics on the derived parameters obtained from the posteriors samples     
====================================================================================================

----- common model:  b
a                     7.904177 
i                    85.874116 
f                     1.716527 
R_Rj                  1.175833 
R_Re                 13.179811 
T_41                  0.095670 
T_32                  0.064667 
a_AU_(rho,R)          0.034488 


====================================================================================================
     ------------------------------------------------------------------------------------------     
====================================================================================================



****************************************************************************************************

Note: priors on stellar mass and radius provided independently from the measured density, no check for consistency is performed

 Plot FLAT chain 

****************************************************************************************************

 Plotting full_correlation plot with GetDist

 Ignore the no burn in error warning from getdist
 since burn in has been already removed from the chains
Removed no burn in


****************************************************************************************************

 Plotting the chains... 

****************************************************************************************************

 Plotting the Gelman-Rubin traces... 

     Gelman-Rubin:    10     1.000247 LCdata_jitter_0 
     Gelman-Rubin:     0     1.000005 b_P 
     Gelman-Rubin:     1     1.000346 b_R 
     Gelman-Rubin:     2     1.000079 b_Tc 
     Gelman-Rubin:     3     0.999898 b_b 
     Gelman-Rubin:     6     0.999903 star_parameters_rho 
     Gelman-Rubin:     4     0.999959 limb_darkening_ld_q1 
     Gelman-Rubin:     5     1.000117 limb_darkening_ld_q2 
     Gelman-Rubin:     7     1.000461 polynomial_trend_poly_c0 
     Gelman-Rubin:     8     0.999968 polynomial_trend_poly_c1 
     Gelman-Rubin:     9     1.000549 polynomial_trend_poly_c2 

****************************************************************************************************

 Plotting the common models corner plots
     Common model:  b
     Common model:  star_parameters
     Common model:  limb_darkening
     Common model:  polynomial_trend

****************************************************************************************************

 Dataset + models corner plots 

     Dataset:  LCdata     model:  polynomial_trend  corner plot  done 
     Dataset:  LCdata     model:  lc_model_b  corner plot  done 

****************************************************************************************************

 Saving the planet variable samplings to files (with plots)

****************************************************************************************************

 Saving all the variable samplings to files (with plots)

****************************************************************************************************

 Computing the models for plot/data writing 
 Writing the plots 
 Writing the   data files 
 Writing the  MAP_ data files 

****************************************************************************************************

