
PyORBIT v8.3

Python version in use:
3.8.8 (default, Apr 13 2021, 19:58:26) 
[GCC 7.3.0]

reloaded_optimize:  False
reloaded_pyde:  False
reloaded_emcee:  False

Opening:  LCdata
Adding common model of planet:  b
Using orbital model:  circular
Using orbital parametrization:  Eastman2013_Tcent
Using Central Time of Transit instead of phase

Using limb darkening coefficient parametrization:  Kipping
  LC model: lc_model_b is using limb_darkening LD parameters
Model type: normalization

====================================================================================================
     Boundaries of the sampler variables     
====================================================================================================

----- dataset:  LCdata
jitter_0        10  ([  0.000059,   0.591600])

----------  LCdata      ----- model:  polynomial_trend

----------  LCdata      ----- model:  lc_model_b

----- common model:  b
P                0  ([  2.181464,   2.666234])
R                1  ([  0.000010,   0.500000])
Tc               2  ([2459174.262000, 2459174.372000])
b                3  ([  0.000000,   2.000000])

----- common model:  star_parameters
rho              6  ([  0.000000,   5.000000])

----- common model:  limb_darkening
ld_q1            4  ([  0.000000,   1.000000])
ld_q2            5  ([  0.000000,   1.000000])

----- common model:  polynomial_trend
poly_c0          7  ([-100000.000000, 1000000.000000])
poly_c1          8  ([-100000.000000, 1000000.000000])
poly_c2          9  ([-1000000.000000, 1000000.000000])

Include priors:  True

Reference Time Tref:  2450000.0

Dimensions =  11
Nwalkers =  88

Using threading pool for PyDE: True
PyDE running
Boundaries redefined after PyDE output
PyDE completed


====================================================================================================
     Starting point of the sample/optimization routines    
====================================================================================================

----- dataset:  LCdata
jitter_0        10      0.003051 ([  0.000059,   0.591600])

----------  LCdata      ----- model:  polynomial_trend

----------  LCdata      ----- model:  lc_model_b

----- common model:  b
P                0      2.423850 ([  2.181464,   2.666234])
R                1      0.128547 ([  0.000010,   0.500000])
Tc               2  2459174.317822 ([2459174.262000, 2459174.372000])
b                3      0.557279 ([  0.000000,   2.000000])

----- common model:  star_parameters
rho              6      1.162142 ([  0.000000,   5.000000])

----- common model:  limb_darkening
ld_q1            4      0.463468 ([  0.000000,   1.000000])
ld_q2            5      0.375191 ([  0.000000,   1.000000])

----- common model:  polynomial_trend
poly_c0          7      1.053798 ([-100000.000000, 1000000.000000])
poly_c1          8     -0.001751 ([-100000.000000, 1000000.000000])
poly_c2          9     -0.576608 ([-1000000.000000, 1000000.000000])

====================================================================================================
     Starting point projected onto the physical space     
====================================================================================================

----- dataset:  LCdata
jitter_0              0.003051 


----------  LCdata      ----- model:  polynomial_trend

----------  LCdata      ----- model:  lc_model_b

----- common model:  b
P                     2.423850 
R                     0.128547 
Tc              2459174.317822 
e                 0.000000e+00 
o                     1.570796 
b                     0.557279 

----- common model:  star_parameters
rho                   1.162142 

----- common model:  limb_darkening
ld_c1                 0.510848 
ld_c2                 0.169936 

----- common model:  polynomial_trend
poly_c0               1.053798 
poly_c1              -0.001751 
poly_c2              -0.576608 
x_zero          2459174.322067 

====================================================================================================
     Derived parameters obtained from starting point     
====================================================================================================

----- common model:  b
a                     7.980064 
i                    85.995553 
f                     1.456380 
R_Rj                  1.161314 
R_Re                 13.017075 
T_41                  0.095355 
T_32                  0.065011 
a_AU_(rho,R)          0.034453 


====================================================================================================
     Statistics on the log-likelihood     
====================================================================================================

 LN probability:  3150.230357 

====================================================================================================
     ------------------------------------------------------------------------------------------     
====================================================================================================



*************************************************************

Running emcee

emcee version:  3.1.1
Using threading pool for emcee: True


The chains are more than 50 times longer than the ACF, the estimate can be trusted

Computing the autocorrelation time of the chains
Reference thinning used in the analysis: 200
Step length used in the analysis: 1*nthin = 200

Convergence criteria: less than 1% variation in ACF after 50 times the integrated ACF
At least 50*ACF after convergence, 100*ACF would be ideal
Negative values: not converged yet

          sample variable      |    ACF   | ACF*nthin | converged at | nteps/ACF 
                               |          |           |              |           
          LCdata_jitter_0      |   1.052  |    210.5  |    10800     |    423.8   
          b_P                  |   1.079  |    215.8  |    10800     |    413.3   
          b_R                  |   1.045  |    209.1  |    10600     |    427.6   
          b_Tc                 |   1.103  |    220.5  |    11200     |    402.7   
          b_b                  |   1.147  |    229.4  |    11800     |    384.4   
          star_parameters_rho  |   1.133  |    226.6  |    11800     |    389.2   
          limb_darkening_ld_q1 |   1.051  |    210.2  |    11000     |    423.5   
          limb_darkening_ld_q2 |   1.134  |    226.9  |    11600     |    389.6   
          polynomial_trend_poly_c0 |   1.018  |    203.5  |    10600     |    439.2   
          polynomial_trend_poly_c1 |   1.083  |    216.7  |    11000     |    410.8   
          polynomial_trend_poly_c2 |   1.024  |    204.8  |    10400     |    437.4   

All the chains are longer than 100*ACF 
Suggested value for burnin:  11800


====================================================================================================
     Statistics on the posterior of the sampler variables     
====================================================================================================

----- dataset:  LCdata
jitter_0        10      0.003083      -0.000358      0.000338 (15-84 p) ([ 0.000059,  0.591600])

----------  LCdata      ----- model:  polynomial_trend

----------  LCdata      ----- model:  lc_model_b

----- common model:  b
P                0      2.423848      -0.000169      0.000168 (15-84 p) ([ 2.181464,  2.666234])
R                1      0.128321      -0.003543      0.003504 (15-84 p) ([ 0.000010,  0.500000])
Tc               2  2459174.317807      -0.000570      0.000570 (15-84 p) ([2459174.262000, 2459174.372000])
b                3      0.553111      -0.041506      0.037728 (15-84 p) ([ 0.000000,  2.000000])

----- common model:  star_parameters
rho              6      1.168030      -0.088897      0.091182 (15-84 p) ([ 0.000000,  5.000000])

----- common model:  limb_darkening
ld_q1            4      0.463944      -0.019525      0.019514 (15-84 p) ([ 0.000000,  1.000000])
ld_q2            5      0.375271      -0.004141      0.004073 (15-84 p) ([ 0.000000,  1.000000])

----- common model:  polynomial_trend
poly_c0          7      1.053791      -0.001016      0.001031 (15-84 p) ([-100000.000000, 1000000.000000])
poly_c1          8     -0.001943      -0.004951      0.004998 (15-84 p) ([-100000.000000, 1000000.000000])
poly_c2          9     -0.573800      -0.215060      0.214685 (15-84 p) ([-1000000.000000, 1000000.000000])

====================================================================================================
     Statistics on the physical parameters obtained from the posteriors samples     
====================================================================================================

----- dataset:  LCdata
jitter_0              0.003083         -0.000358         0.000338 (15-84 p)


----------  LCdata      ----- model:  polynomial_trend

----------  LCdata      ----- model:  lc_model_b

----- common model:  b
P                     2.423848         -0.000169         0.000168 (15-84 p)
R                     0.128321         -0.003543         0.003504 (15-84 p)
Tc              2459174.317807         -0.000570         0.000570 (15-84 p)
e                 0.000000e+00 
o                     1.570796 
b                     0.553111         -0.041506         0.037728 (15-84 p)

----- common model:  star_parameters
rho                   1.168030         -0.088897         0.091182 (15-84 p)

----- common model:  limb_darkening
ld_c1                 0.511179         -0.013118         0.012928 (15-84 p)
ld_c2                 0.169936         -0.006049         0.005986 (15-84 p)

----- common model:  polynomial_trend
poly_c0               1.053791         -0.001016         0.001031 (15-84 p)
poly_c1              -0.001943         -0.004951         0.004998 (15-84 p)
poly_c2              -0.573800         -0.215060         0.214685 (15-84 p)
x_zero          2459174.322067 

====================================================================================================
     Statistics on the derived parameters obtained from the posteriors samples     
====================================================================================================

----- common model:  b
a                     7.993533         -0.208196         0.202809 (15-84 p)
i                    86.029944         -0.367543         0.377372 (15-84 p)
f                     2.243785         -1.439716         2.760951 (15-84 p)
R_Rj                  1.159856         -0.035332         0.035433 (15-84 p)
R_Re                 13.000723         -0.396038         0.397169 (15-84 p)
T_41                  0.095441         -0.001578         0.001625 (15-84 p)
T_32                  0.065261         -0.002077         0.002015 (15-84 p)
a_AU_(rho,R)          0.034528         -0.001009         0.000993 (15-84 p)


====================================================================================================
     ------------------------------------------------------------------------------------------     
====================================================================================================



emcee completed

