
PyORBIT v8.3

Python version in use:
3.8.8 (default, Apr 13 2021, 19:58:26) 
[GCC 7.3.0]

reloaded_optimize:  False
reloaded_pyde:  False
reloaded_emcee:  False

Opening:  RVdata
Adding common model of planet:  b
Using orbital model:  circular
Using orbital parametrization:  Eastman2013_Tcent
Using Central Time of Transit instead of phase
Inclination will be included as free parameter:  True


====================================================================================================
     Boundaries of the sampler variables     
====================================================================================================

----- dataset:  RVdata
jitter_0         5  ([  0.180000, 4000.000000])
offset_0         6  ([-14173.000000, 6106.000000])

----------  RVdata      ----- model:  harmonics
amp_S1           7  ([-19.931569,  19.931569])
amp_S2           8  ([-19.931569,  19.931569])
amp_C1           9  ([-19.931569,  19.931569])

----------  RVdata      ----- model:  radial_velocities_b

----- common model:  b
K                0  ([ -6.643856,  12.036174])
P                1  ([  2.400000,   2.440000])
Tc               2  ([2458386.000000, 2458386.100000])

----- common model:  star_parameters

----- common model:  harmonics
phase            3  ([  0.000000,   6.283185])
P                4  ([  5.000000,  30.000000])

Include priors:  True

Reference Time Tref:  5000.0

Dimensions =  10
Nwalkers =  40

Using threading pool for PyDE: True
PyDE running
Boundaries redefined after PyDE output
PyDE completed


====================================================================================================
     Starting point of the sample/optimization routines    
====================================================================================================

----- dataset:  RVdata
jitter_0         5     84.588059 ([  0.180000, 4000.000000])
offset_0         6  -4029.687642 ([-14173.000000, 6106.000000])

----------  RVdata      ----- model:  harmonics
amp_S1           7     -7.847688 ([-19.931569,  19.931569])
amp_S2           8      4.911978 ([-19.931569,  19.931569])
amp_C1           9      5.287817 ([-19.931569,  19.931569])

----------  RVdata      ----- model:  radial_velocities_b

----- common model:  b
K                0      3.849421 ([ -6.643856,  12.036174])
P                1      2.423844 ([  2.400000,   2.440000])
Tc               2  2458386.100000 ([2458386.000000, 2458386.100000])

----- common model:  star_parameters

----- common model:  harmonics
phase            3      4.939106 ([  1.797513,   8.080699])
P                4     13.984848 ([  5.000000,  30.000000])

====================================================================================================
     Starting point projected onto the physical space     
====================================================================================================

----- dataset:  RVdata
jitter_0             84.588059 
offset_0          -4029.687642 


----------  RVdata      ----- model:  harmonics
amp_S1                0.004341 
amp_S2               30.105971 
amp_C1               39.065345 

----------  RVdata      ----- model:  radial_velocities_b

----- common model:  b
o                     1.570796 
e                 0.000000e+00 
K                    14.414223 
P                     2.423844 
Tc              2458386.100000 

----- common model:  star_parameters

----- common model:  harmonics
phase                 4.939106 
P                    13.984848 

====================================================================================================
     Derived parameters obtained from starting point     
====================================================================================================

----- common model:  b
Inclination randomized to 86.27 +- 0.43 deg
a                     7.862713 
i                    86.321990 
M                     0.000085 
M_Mj                  0.089313 
M_Me                 28.392207 
f                     0.820758 
a_AU_(M)              0.034160 
a_AU_(rho,R)          0.034159 


====================================================================================================
     Statistics on the log-likelihood     
====================================================================================================

 LN probability:  -335.514403 

====================================================================================================
     ------------------------------------------------------------------------------------------     
====================================================================================================



*************************************************************

Running emcee

emcee version:  3.1.1
Using threading pool for emcee: True


The chains are more than 50 times longer than the ACF, the estimate can be trusted

Computing the autocorrelation time of the chains
Reference thinning used in the analysis: 200
Step length used in the analysis: 2*nthin = 400

Convergence criteria: less than 1% variation in ACF after 50 times the integrated ACF
At least 50*ACF after convergence, 100*ACF would be ideal
Negative values: not converged yet

          sample variable      |    ACF   | ACF*nthin | converged at | nteps/ACF 
                               |          |           |              |           
          RVdata_jitter_0      |   2.283  |    456.6  |    23600     |    167.3   
          RVdata_offset_0      |   1.903  |    380.5  |    19600     |    211.3   
          RVdata_harmonics_amp_S1 |   2.233  |    446.6  |    24000     |    170.2   
          RVdata_harmonics_amp_S2 |   2.324  |    464.8  |    23600     |    164.4   
          RVdata_harmonics_amp_C1 |   2.299  |    459.8  |    23200     |    167.0   
          b_K                  |   2.217  |    443.5  |    22400     |    175.0   
          b_P                  |   1.948  |    389.6  |    19600     |    206.4   
          b_Tc                 |   2.623  |    524.7  |    26400     |    140.3   
          harmonics_phase      |   2.322  |    464.4  |    23600     |    164.5   
          harmonics_P          |   2.084  |    416.8  |    21600     |    188.1   

All the chains are longer than 100*ACF 
Suggested value for burnin:  26400


====================================================================================================
     Statistics on the posterior of the sampler variables     
====================================================================================================

----- dataset:  RVdata
jitter_0         5     99.697639     -17.306294     23.836315 (15-84 p) ([ 0.180000, 4000.000000])
offset_0         6  -4036.463169     -25.392833     25.587534 (15-84 p) ([-14173.000000, 6106.000000])

----------  RVdata      ----- model:  harmonics
amp_S1           7     -7.041249      -8.818319      8.585228 (15-84 p) ([-19.931569, 19.931569])
amp_S2           8     -7.220467      -8.747575      8.661662 (15-84 p) ([-19.931569, 19.931569])
amp_C1           9     -7.385785      -8.540266      8.656968 (15-84 p) ([-19.931569, 19.931569])

----------  RVdata      ----- model:  radial_velocities_b

----- common model:  b
K                0     -0.330184      -4.217950      4.101463 (15-84 p) ([-6.643856, 12.036174])
P                1      2.423844      -0.000000      0.000000 (15-84 p) ([ 2.400000,  2.440000])
Tc               2  2458386.099107      -0.001454      0.000670 (15-84 p) ([2458386.000000, 2458386.100000])

----- common model:  star_parameters

----- common model:  harmonics
phase            3      4.987100      -2.162966      2.110006 (15-84 p) ([ 1.797513,  8.080699])
P                4     14.291910      -0.997935      1.008877 (15-84 p) ([ 5.000000, 30.000000])

====================================================================================================
     Statistics on the physical parameters obtained from the posteriors samples     
====================================================================================================

----- dataset:  RVdata
jitter_0             99.697639        -17.306294        23.836315 (15-84 p)
offset_0          -4036.463169        -25.392833        25.587534 (15-84 p)


----------  RVdata      ----- model:  harmonics
amp_S1                0.007592         -0.007575         2.908385 (15-84 p)
amp_S2                0.006705         -0.006690         2.708753 (15-84 p)
amp_C1                0.005979         -0.005963         2.407617 (15-84 p)

----------  RVdata      ----- model:  radial_velocities_b

----- common model:  b
o                     1.570796 
e                 0.000000e+00 
K                     0.795435         -0.752691        12.858824 (15-84 p)
P                 2.423844e+00     -2.412420e-08     2.386492e-08 (15-84 p)
Tc              2458386.099107         -0.001454         0.000670 (15-84 p)

----- common model:  star_parameters

----- common model:  harmonics
phase                 4.987100         -2.162966         2.110006 (15-84 p)
P                    14.291910         -0.997935         1.008877 (15-84 p)

====================================================================================================
     Statistics on the derived parameters obtained from the posteriors samples     
====================================================================================================

----- common model:  b
Inclination randomized to 86.27 +- 0.43 deg
Computing planetary mass under the approximation M_planet << M_star (threshold at 30.0 Me)
a                     8.042272         -0.172238         0.173037 (15-84 p)
i                    86.276260         -0.414708         0.417634 (15-84 p)
M                 4.849869e-06     -4.588858e-06     7.861973e-05 (15-84 p)
M_Mj                  0.005080         -0.004806         0.082342 (15-84 p)
M_Me                  1.614745         -1.527842        26.176130 (15-84 p)
f                     0.823462         -0.063625         0.062482 (15-84 p)
a_AU_(M)              0.034749         -0.000602         0.000593 (15-84 p)
a_AU_(rho,R)          0.034749         -0.000602         0.000592 (15-84 p)


====================================================================================================
     ------------------------------------------------------------------------------------------     
====================================================================================================



emcee completed

