
PyORBIT v8.3

Python version in use:
3.8.8 (default, Apr 13 2021, 19:58:26) 
[GCC 7.3.0]

emcee version:  3.1.1

 Reference Time Tref: 5000.0

 Dimensions = 10
 Nwalkers = 40

 Steps: 100000

The chains are more than 50 times longer than the ACF, the estimate can be trusted

Computing the autocorrelation time of the chains
Reference thinning used in the analysis: 200
Step length used in the analysis: 2*nthin = 400

Convergence criteria: less than 1% variation in ACF after 50 times the integrated ACF
At least 50*ACF after convergence, 100*ACF would be ideal
Negative values: not converged yet

          sample variable      |    ACF   | ACF*nthin | converged at | nteps/ACF 
                               |          |           |              |           
          RVdata_jitter_0      |   2.283  |    456.6  |    23600     |    167.3   
          RVdata_offset_0      |   1.903  |    380.5  |    19600     |    211.3   
          RVdata_harmonics_amp_S1 |   2.233  |    446.6  |    24000     |    170.2   
          RVdata_harmonics_amp_S2 |   2.324  |    464.8  |    23600     |    164.4   
          RVdata_harmonics_amp_C1 |   2.299  |    459.8  |    23200     |    167.0   
          b_K                  |   2.217  |    443.5  |    22400     |    175.0   
          b_P                  |   1.948  |    389.6  |    19600     |    206.4   
          b_Tc                 |   2.623  |    524.7  |    26400     |    140.3   
          harmonics_phase      |   2.322  |    464.4  |    23600     |    164.5   
          harmonics_P          |   2.084  |    416.8  |    21600     |    188.1   

All the chains are longer than 100*ACF 
Suggested value for burnin:  26400


 LN posterior:  -339.384801      -2.172597     1.418881 (15-84 p) 

 Median log_priors     = -235.77774166460551
 Median log_likelihood = -101.528353786418
 Median BIC  (using likelihood) = 231.38884101339815
 Median AIC  (using likelihood) = 223.056707572836
 Median AICc (using likelihood) = 259.7233742395027

 Median BIC  (using posterior)  = 702.9443243426092
 Median AIC  (using posterior)  = 694.612190902047
 Median AICc (using posterior)  = 731.2788575687136

 MAP log_priors     = -235.42334795994452
 MAP log_likelihood = -100.91109155395063
 MAP BIC  (using likelihood) = 230.1543165484634
 MAP AIC  (using likelihood) = 221.82218310790125
 MAP AICc (using likelihood) = 258.48884977456794

 MAP BIC  (using posterior)  = 701.0010124683525
 MAP AIC  (using posterior)  = 692.6688790277904
 MAP AICc (using posterior)  = 729.335545694457

 AICc suggested over AIC because NDATA (    17.000000 ) < 40 * NDIM (    10.000000 )

****************************************************************************************************
****************************************************************************************************

 Confidence intervals (median value, 34.135th percentile from the median on the left and right side)

====================================================================================================
     Statistics on the posterior of the sampler variables     
====================================================================================================

----- dataset:  RVdata
jitter_0         5     99.697639     -17.306294     23.836315 (15-84 p) ([ 0.180000, 4000.000000])
offset_0         6  -4036.463169     -25.392833     25.587534 (15-84 p) ([-14173.000000, 6106.000000])

----------  RVdata      ----- model:  harmonics
amp_S1           7     -7.041249      -8.818319      8.585228 (15-84 p) ([-19.931569, 19.931569])
amp_S2           8     -7.220467      -8.747575      8.661662 (15-84 p) ([-19.931569, 19.931569])
amp_C1           9     -7.385785      -8.540266      8.656968 (15-84 p) ([-19.931569, 19.931569])

----------  RVdata      ----- model:  radial_velocities_b

----- common model:  b
K                0     -0.330184      -4.217950      4.101463 (15-84 p) ([-6.643856, 12.036174])
P                1      2.423844      -0.000000      0.000000 (15-84 p) ([ 2.400000,  2.440000])
Tc               2  2458386.099107      -0.001454      0.000670 (15-84 p) ([2458386.000000, 2458386.100000])

----- common model:  star_parameters

----- common model:  harmonics
phase            3      4.987100      -2.162966      2.110006 (15-84 p) ([ 1.797513,  8.080699])
P                4     14.291910      -0.997935      1.008877 (15-84 p) ([ 5.000000, 30.000000])

====================================================================================================
     Statistics on the physical parameters obtained from the posteriors samples     
====================================================================================================

----- dataset:  RVdata
jitter_0             99.697639        -17.306294        23.836315 (15-84 p)
offset_0          -4036.463169        -25.392833        25.587534 (15-84 p)


----------  RVdata      ----- model:  harmonics
amp_S1                0.007592         -0.007575         2.908385 (15-84 p)
amp_S2                0.006705         -0.006690         2.708753 (15-84 p)
amp_C1                0.005979         -0.005963         2.407617 (15-84 p)

----------  RVdata      ----- model:  radial_velocities_b

----- common model:  b
o                     1.570796 
e                 0.000000e+00 
K                     0.795435         -0.752691        12.858824 (15-84 p)
P                 2.423844e+00     -2.412420e-08     2.386492e-08 (15-84 p)
Tc              2458386.099107         -0.001454         0.000670 (15-84 p)

----- common model:  star_parameters

----- common model:  harmonics
phase                 7.806776         -2.096903         2.182969 (15-84 p)
P                    14.291910         -0.997935         1.008877 (15-84 p)

====================================================================================================
     Statistics on the derived parameters obtained from the posteriors samples     
====================================================================================================

----- common model:  b
Inclination randomized to 86.27 +- 0.43 deg
Computing planetary mass under the approximation M_planet << M_star (threshold at 30.0 Me)
a                     8.041267         -0.175230         0.175405 (15-84 p)
i                    86.265843         -0.425419         0.425353 (15-84 p)
M                 4.860288e-06     -4.598977e-06     7.880572e-05 (15-84 p)
M_Mj                  0.005090         -0.004817         0.082537 (15-84 p)
M_Me                  1.618214         -1.531211        26.238052 (15-84 p)
f                     0.823462         -0.063625         0.062482 (15-84 p)
a_AU_(M)              0.034748         -0.000608         0.000596 (15-84 p)
a_AU_(rho,R)          0.034747         -0.000607         0.000596 (15-84 p)


====================================================================================================
     ------------------------------------------------------------------------------------------     
====================================================================================================



****************************************************************************************************

 Parameters corresponding to the Maximum a Posteriori probability ( -336.3344395138952 )


====================================================================================================
     Statistics on the posterior of the sampler variables     
====================================================================================================

----- dataset:  RVdata
jitter_0         5     85.289851 ([  0.180000, 4000.000000])
offset_0         6  -4027.514325 ([-14173.000000, 6106.000000])

----------  RVdata      ----- model:  harmonics
amp_S1           7      5.482552 ([-19.931569,  19.931569])
amp_S2           8     -9.512885 ([-19.931569,  19.931569])
amp_C1           9     -5.804382 ([-19.931569,  19.931569])

----------  RVdata      ----- model:  radial_velocities_b

----- common model:  b
K                0      3.367447 ([ -6.643856,  12.036174])
P                1      2.423844 ([  2.400000,   2.440000])
Tc               2  2458386.099860 ([2458386.000000, 2458386.100000])

----- common model:  star_parameters

----- common model:  harmonics
phase            3      7.855759 ([  1.797513,   8.080699])
P                4     13.845635 ([  5.000000,  30.000000])

====================================================================================================
     Statistics on the physical parameters obtained from the posteriors samples     
====================================================================================================

----- dataset:  RVdata
jitter_0             85.289851 
offset_0          -4027.514325 


----------  RVdata      ----- model:  harmonics
amp_S1               44.710828 
amp_S2                0.001369 
amp_C1                0.017894 

----------  RVdata      ----- model:  radial_velocities_b

----- common model:  b
o                     1.570796 
e                 0.000000e+00 
K                    10.320545 
P                     2.423844 
Tc              2458386.099860 

----- common model:  star_parameters

----- common model:  harmonics
phase                 7.855759 
P                    13.845635 

====================================================================================================
     Statistics on the derived parameters obtained from the posteriors samples     
====================================================================================================

----- common model:  b
Inclination randomized to 86.27 +- 0.43 deg
a                     7.958829 
i                    86.036923 
M                     0.000061 
M_Mj                  0.064286 
M_Me                 20.436219 
f                     0.853033 
a_AU_(M)              0.034245 
a_AU_(rho,R)          0.034244 


====================================================================================================
     ------------------------------------------------------------------------------------------     
====================================================================================================



****************************************************************************************************

Note: stellar density derived from its mass and radius

 Plot FLAT chain 

****************************************************************************************************

 Plotting full_correlation plot with GetDist

 Ignore the no burn in error warning from getdist
 since burn in has been already removed from the chains
Removed no burn in


****************************************************************************************************

 Plotting the chains... 

****************************************************************************************************

 Plotting the Gelman-Rubin traces... 

     Gelman-Rubin:     5     1.000894 RVdata_jitter_0 
     Gelman-Rubin:     6     1.001681 RVdata_offset_0 
     Gelman-Rubin:     7     1.001942 RVdata_harmonics_amp_S1 
     Gelman-Rubin:     8     1.001103 RVdata_harmonics_amp_S2 
     Gelman-Rubin:     9     1.001060 RVdata_harmonics_amp_C1 
     Gelman-Rubin:     0     1.002367 b_K 
     Gelman-Rubin:     1     1.001039 b_P 
     Gelman-Rubin:     2     1.001902 b_Tc 
     Gelman-Rubin:     3     1.001702 harmonics_phase 
     Gelman-Rubin:     4     1.000581 harmonics_P 

****************************************************************************************************

 Plotting the common models corner plots
     Common model:  b
     Common model:  star_parameters
     Common model:  harmonics

****************************************************************************************************

 Dataset + models corner plots 

     Dataset:  RVdata     model:  harmonics  corner plot  done 
     Dataset:  RVdata     model:  radial_velocities_b  corner plot  done 

****************************************************************************************************

 Saving the planet variable samplings to files (with plots)

****************************************************************************************************

 Saving all the variable samplings to files (with plots)

****************************************************************************************************

 Computing the models for plot/data writing 
 Writing the plots 
 Writing the   data files 
 Writing the  MAP_ data files 

****************************************************************************************************

